[0m[[0m[0mdebug[0m] [0m[0m> Exec(reload, None, None)[0m
[0m[[0m[0mdebug[0m] [0m[0m> Exec(sbtStashOnFailure, None, None)[0m
[0m[[0m[0mdebug[0m] [0m[0m> Exec(onFailure loadFailed, None, None)[0m
[0m[[0m[0mdebug[0m] [0m[0m> Exec(loadp, None, None)[0m
[0m[[0m[0minfo[0m] [0m[0mwelcome to sbt 1.11.7 (Microsoft Java 17.0.16)[0m
[0m[[0m[0mdebug[0m] [0m[0m                                                                                                                                                                                                                                                                                                                                                                                                                                                                  Load.loadUnit: plugins took 41.5111ms[0m
[0m[[0m[0mdebug[0m] [0m[0m                                                                                                                                                                                                                                                                                                                                                                                                                                                                  Load.loadUnit: defsScala took 0.0147ms[0m
[0m[[0m[0mdebug[0m] [0m[0m[Loading] Scanning directory C:\Users\Davinder kaur\.sbt\1.0\plugins[0m
[0m[[0m[0mdebug[0m] [0m[0m[Loading] Found non-root projects [0m
[0m[[0m[0mdebug[0m] [0m[0m[Loading] Done in C:\Users\Davinder kaur\.sbt\1.0\plugins, returning: ()[0m
[0m[[0m[0mdebug[0m] [0m[0mdeducing auto plugins based on known facts Set(Atom(sbt.plugins.CorePlugin)) and clauses Clauses(Clause(Atom(sbt.plugins.JvmPlugin),Set(Atom(sbt.plugins.IvyPlugin)))[0m
[0m[[0m[0mdebug[0m] [0m[0mClause(Atom(sbt.ScriptedPlugin),Set(Atom(sbt.plugins.JvmPlugin)))[0m
[0m[[0m[0mdebug[0m] [0m[0mClause(Atom(sbt.plugins.SbtPlugin),Set(Atom(sbt.ScriptedPlugin)))[0m
[0m[[0m[0mdebug[0m] [0m[0mClause(Atom(sbt.plugins.SemanticdbPlugin),Set(Atom(sbt.plugins.JvmPlugin)))[0m
[0m[[0m[0mdebug[0m] [0m[0mClause(Atom(sbt.plugins.JUnitXmlReportPlugin),Set(Atom(sbt.plugins.JvmPlugin)))[0m
[0m[[0m[0mdebug[0m] [0m[0mClause(Atom(sbt.plugins.MiniDependencyTreePlugin),Set(Atom(sbt.plugins.JvmPlugin)))[0m
[0m[[0m[0mdebug[0m] [0m[0mClause(Atom(sbt.plugins.CorePlugin),Set(Atom(sbt.plugins.IvyPlugin)))[0m
[0m[[0m[0mdebug[0m] [0m[0mClause(Atom(sbt.plugins.IvyPlugin),Set(Atom(sbt.plugins.JvmPlugin)))[0m
[0m[[0m[0mdebug[0m] [0m[0mClause(Atom(sbt.plugins.JvmPlugin),Set(Atom(sbt.plugins.SemanticdbPlugin)))[0m
[0m[[0m[0mdebug[0m] [0m[0mClause(Atom(sbt.plugins.JvmPlugin),Set(Atom(sbt.plugins.JUnitXmlReportPlugin)))[0m
[0m[[0m[0mdebug[0m] [0m[0mClause(Atom(sbt.plugins.CorePlugin),Set(Atom(sbt.plugins.Giter8TemplatePlugin)))[0m
[0m[[0m[0mdebug[0m] [0m[0mClause(Atom(sbt.plugins.JvmPlugin),Set(Atom(sbt.plugins.MiniDependencyTreePlugin))))[0m
[0m[[0m[0mdebug[0m] [0m[0m  :: deduced result: Matched(sbt.plugins.CorePlugin,sbt.plugins.Giter8TemplatePlugin,sbt.plugins.IvyPlugin,sbt.plugins.JvmPlugin,sbt.plugins.MiniDependencyTreePlugin,sbt.plugins.JUnitXmlReportPlugin,sbt.plugins.SemanticdbPlugin)[0m
[0m[[0m[0mdebug[0m] [0m[0mPlugins.deducer#function took 0.8278 ms[0m
[0m[[0m[0mdebug[0m] [0m[0m                                                                                                                                                                                                                                                                                                                                                                                                                                                                      Load.resolveProject(global-plugins) took 1.4543ms[0m
[0m[[0m[0mdebug[0m] [0m[0m                                                                                                                                                                                                                                                                                                                                                                                                                                                                    Load.loadTransitive: finalizeProject(Project(id global-plugins, base: C:\Users\Davinder kaur\.sbt\1.0\plugins, plugins: List(<none>))) took 2.5826ms[0m
[0m[[0m[0mdebug[0m] [0m[0m[Loading] Done in C:\Users\Davinder kaur\.sbt\1.0\plugins, returning: (global-plugins)[0m
[0m[[0m[0mdebug[0m] [0m[0m                                                                                                                                                                                                                                                                                                                                                                                                                                                                  Load.loadUnit: loadedProjectsRaw took 3.5884ms[0m
[0m[[0m[0mdebug[0m] [0m[0m                                                                                                                                                                                                                                                                                                                                                                                                                                                                  Load.loadUnit: cleanEvalClasses took 0.0137ms[0m
[0m[[0m[0mdebug[0m] [0m[0m                                                                                                                                                                                                                                                                                                                                                                                                                                                                Load.loadUnit(file:/C:/Users/Davinder%20kaur/.sbt/1.0/plugins/, ...) took 48.3917ms[0m
[0m[[0m[0mdebug[0m] [0m[0m                                                                                                                                                                                                                                                                                                                                                                                                                                                              Load.apply: load took 49.9376ms[0m
[0m[[0m[0mdebug[0m] [0m[0m                                                                                                                                                                                                                                                                                                                                                                                                                                                              Load.apply: resolveProjects took 0.0756ms[0m
[0m[[0m[0mdebug[0m] [0m[0m                                                                                                                                                                                                                                                                                                                                                                                                                                                              Load.apply: finalTransforms took 7.2877ms[0m
[0m[[0m[0mdebug[0m] [0m[0m                                                                                                                                                                                                                                                                                                                                                                                                                                                              Load.apply: config.delegates took 0.2409ms[0m
[0m[[0m[0mdebug[0m] [0m[0m                                                                                                                                                                                                                                                                                                                                                                                                                                                              Load.apply: Def.make(settings)... took 69.5322ms[0m
[0m[[0m[0mdebug[0m] [0m[0m                                                                                                                                                                                                                                                                                                                                                                                                                                                              Load.apply: structureIndex took 19.313ms[0m
[0m[[0m[0mdebug[0m] [0m[0m                                                                                                                                                                                                                                                                                                                                                                                                                                                              Load.apply: mkStreams took 0.0077ms[0m
[0m[[0m[0minfo[0m] [0m[0mloading global plugins from C:\Users\Davinder kaur\.sbt\1.0\plugins[0m
[0m[[0m[0mdebug[0m] [0m[0mRunning task... Cancel: Signal, check cycles: false, forcegc: true[0m
[0m[[0m[0mdebug[0m] [0m[0m                                                                                                                                                                                                                                                                                                                                                                                                                                                            Load.defaultLoad until apply took 380.5511ms[0m
[0m[[0m[0mdebug[0m] [0m[0m                                                                                                                                                                                                                                                                                                                                                                                                                                                                                  Load.loadUnit: plugins took 47.0861ms[0m
[0m[[0m[0mdebug[0m] [0m[0m                                                                                                                                                                                                                                                                                                                                                                                                                                                                                  Load.loadUnit: defsScala took 0.0115ms[0m
[0m[[0m[0mdebug[0m] [0m[0m[Loading] Scanning directory C:\Users\Davinder kaur\Downloads\eurowings-scala-challenge\project\project\project[0m
[0m[[0m[0mdebug[0m] [0m[0m                                                                                                                                                                                                                                                                                                                                                                                                                                                                                    Load.loadUnit: mkEval took 0.5302ms[0m
[0m[[0m[0mdebug[0m] [0m[0m[Loading] Found non-root projects [0m
[0m[[0m[0mdebug[0m] [0m[0m[Loading] Done in C:\Users\Davinder kaur\Downloads\eurowings-scala-challenge\project\project\project, returning: ()[0m
[0m[[0m[0mdebug[0m] [0m[0mdeducing auto plugins based on known facts Set(Atom(sbt.plugins.CorePlugin)) and clauses Clauses(Clause(Atom(sbt.plugins.JvmPlugin),Set(Atom(sbt.plugins.IvyPlugin)))[0m
[0m[[0m[0mdebug[0m] [0m[0mClause(Atom(sbt.ScriptedPlugin),Set(Atom(sbt.plugins.JvmPlugin)))[0m
[0m[[0m[0mdebug[0m] [0m[0mClause(Atom(sbt.plugins.SbtPlugin),Set(Atom(sbt.ScriptedPlugin)))[0m
[0m[[0m[0mdebug[0m] [0m[0mClause(Atom(sbt.plugins.SemanticdbPlugin),Set(Atom(sbt.plugins.JvmPlugin)))[0m
[0m[[0m[0mdebug[0m] [0m[0mClause(Atom(sbt.plugins.JUnitXmlReportPlugin),Set(Atom(sbt.plugins.JvmPlugin)))[0m
[0m[[0m[0mdebug[0m] [0m[0mClause(Atom(sbt.plugins.MiniDependencyTreePlugin),Set(Atom(sbt.plugins.JvmPlugin)))[0m
[0m[[0m[0mdebug[0m] [0m[0mClause(Atom(sbt.plugins.CorePlugin),Set(Atom(sbt.plugins.IvyPlugin)))[0m
[0m[[0m[0mdebug[0m] [0m[0mClause(Atom(sbt.plugins.IvyPlugin),Set(Atom(sbt.plugins.JvmPlugin)))[0m
[0m[[0m[0mdebug[0m] [0m[0mClause(Atom(sbt.plugins.JvmPlugin),Set(Atom(sbt.plugins.SemanticdbPlugin)))[0m
[0m[[0m[0mdebug[0m] [0m[0mClause(Atom(sbt.plugins.JvmPlugin),Set(Atom(sbt.plugins.JUnitXmlReportPlugin)))[0m
[0m[[0m[0mdebug[0m] [0m[0mClause(Atom(sbt.plugins.CorePlugin),Set(Atom(sbt.plugins.Giter8TemplatePlugin)))[0m
[0m[[0m[0mdebug[0m] [0m[0mClause(Atom(sbt.plugins.JvmPlugin),Set(Atom(sbt.plugins.MiniDependencyTreePlugin))))[0m
[0m[[0m[0mdebug[0m] [0m[0m  :: deduced result: Matched(sbt.plugins.CorePlugin,sbt.plugins.Giter8TemplatePlugin,sbt.plugins.IvyPlugin,sbt.plugins.JvmPlugin,sbt.plugins.MiniDependencyTreePlugin,sbt.plugins.JUnitXmlReportPlugin,sbt.plugins.SemanticdbPlugin)[0m
[0m[[0m[0mdebug[0m] [0m[0mPlugins.deducer#function took 0.7678 ms[0m
[0m[[0m[0minfo[0m] [0m[0mloading settings for project eurowings-scala-challenge-build-build-build from metals.sbt...[0m
[0m[[0m[0mdebug[0m] [0m[0m                                                                                                                                                                                                                                                                                                                                                                                                                                                                                      Load.resolveProject(eurowings-scala-challenge-build-build-build) took 1.8416ms[0m
[0m[[0m[0mdebug[0m] [0m[0m                                                                                                                                                                                                                                                                                                                                                                                                                                                                                    Load.loadTransitive: finalizeProject(Project(id eurowings-scala-challenge-build-build-build, base: C:\Users\Davinder kaur\Downloads\eurowings-scala-challenge\project\project\project, plugins: List(<none>))) took 2.9025ms[0m
[0m[[0m[0mdebug[0m] [0m[0m[Loading] Done in C:\Users\Davinder kaur\Downloads\eurowings-scala-challenge\project\project\project, returning: (eurowings-scala-challenge-build-build-build)[0m
[0m[[0m[0mdebug[0m] [0m[0m                                                                                                                                                                                                                                                                                                                                                                                                                                                                                  Load.loadUnit: loadedProjectsRaw took 23.0085ms[0m
[0m[[0m[0mdebug[0m] [0m[0m                                                                                                                                                                                                                                                                                                                                                                                                                                                                                  Load.loadUnit: cleanEvalClasses took 7.0308ms[0m
[0m[[0m[0mdebug[0m] [0m[0m                                                                                                                                                                                                                                                                                                                                                                                                                                                                                Load.loadUnit(file:/C:/Users/Davinder%20kaur/Downloads/eurowings-scala-challenge/project/project/project/, ...) took 78.7136ms[0m
[0m[[0m[0mdebug[0m] [0m[0m                                                                                                                                                                                                                                                                                                                                                                                                                                                                              Load.apply: load took 80.2567ms[0m
[0m[[0m[0mdebug[0m] [0m[0m                                                                                                                                                                                                                                                                                                                                                                                                                                                                              Load.apply: resolveProjects took 0.0877ms[0m
[0m[[0m[0mdebug[0m] [0m[0m                                                                                                                                                                                                                                                                                                                                                                                                                                                                              Load.apply: finalTransforms took 7.4701ms[0m
[0m[[0m[0mdebug[0m] [0m[0m                                                                                                                                                                                                                                                                                                                                                                                                                                                                              Load.apply: config.delegates took 0.26ms[0m
[0m[[0m[0mdebug[0m] [0m[0m                                                                                                                                                                                                                                                                                                                                                                                                                                                                              Load.apply: Def.make(settings)... took 49.5538ms[0m
[0m[[0m[0mdebug[0m] [0m[0m                                                                                                                                                                                                                                                                                                                                                                                                                                                                              Load.apply: structureIndex took 16.4315ms[0m
[0m[[0m[0mdebug[0m] [0m[0m                                                                                                                                                                                                                                                                                                                                                                                                                                                                              Load.apply: mkStreams took 0.0073ms[0m
[0m[[0m[0minfo[0m] [0m[0mloading project definition from C:\Users\Davinder kaur\Downloads\eurowings-scala-challenge\project\project\project[0m
[0m[[0m[0mdebug[0m] [0m[0mRunning task... Cancel: Signal, check cycles: false, forcegc: true[0m
[0m[[0m[0mdebug[0m] [0m[0m                                                                                                                                                                                                                                                                                                                                                                                                                                                                            Load.loadUnit: plugins took 359.7048ms[0m
[0m[[0m[0mdebug[0m] [0m[0m                                                                                                                                                                                                                                                                                                                                                                                                                                                                            Load.loadUnit: defsScala took 0.0127ms[0m
[0m[[0m[0mdebug[0m] [0m[0m[Loading] Scanning directory C:\Users\Davinder kaur\Downloads\eurowings-scala-challenge\project\project[0m
[0m[[0m[0mdebug[0m] [0m[0m                                                                                                                                                                                                                                                                                                                                                                                                                                                                              Load.loadUnit: mkEval took 0.8123ms[0m
[0m[[0m[0mdebug[0m] [0m[0m[Loading] Found non-root projects [0m
[0m[[0m[0mdebug[0m] [0m[0m[Loading] Done in C:\Users\Davinder kaur\Downloads\eurowings-scala-challenge\project\project, returning: ()[0m
[0m[[0m[0mdebug[0m] [0m[0mdeducing auto plugins based on known facts Set(Atom(sbt.plugins.CorePlugin)) and clauses Clauses(Clause(Atom(sbt.plugins.JvmPlugin),Set(Atom(sbt.plugins.IvyPlugin)))[0m
[0m[[0m[0mdebug[0m] [0m[0mClause(Atom(sbt.ScriptedPlugin),Set(Atom(sbt.plugins.JvmPlugin)))[0m
[0m[[0m[0mdebug[0m] [0m[0mClause(Atom(sbt.plugins.SbtPlugin),Set(Atom(sbt.ScriptedPlugin)))[0m
[0m[[0m[0mdebug[0m] [0m[0mClause(Atom(sbt.plugins.SemanticdbPlugin),Set(Atom(sbt.plugins.JvmPlugin)))[0m
[0m[[0m[0mdebug[0m] [0m[0mClause(Atom(sbt.plugins.JUnitXmlReportPlugin),Set(Atom(sbt.plugins.JvmPlugin)))[0m
[0m[[0m[0mdebug[0m] [0m[0mClause(Atom(sbt.plugins.MiniDependencyTreePlugin),Set(Atom(sbt.plugins.JvmPlugin)))[0m
[0m[[0m[0mdebug[0m] [0m[0mClause(Atom(bloop.integrations.sbt.BloopPlugin),Set(Atom(sbt.plugins.JvmPlugin)))[0m
[0m[[0m[0mdebug[0m] [0m[0mClause(Atom(sbt.plugins.CorePlugin),Set(Atom(sbt.plugins.IvyPlugin)))[0m
[0m[[0m[0mdebug[0m] [0m[0mClause(Atom(sbt.plugins.IvyPlugin),Set(Atom(sbt.plugins.JvmPlugin)))[0m
[0m[[0m[0mdebug[0m] [0m[0mClause(Atom(sbt.plugins.JvmPlugin),Set(Atom(sbt.plugins.SemanticdbPlugin)))[0m
[0m[[0m[0mdebug[0m] [0m[0mClause(Atom(sbt.plugins.JvmPlugin),Set(Atom(sbt.plugins.JUnitXmlReportPlugin)))[0m
[0m[[0m[0mdebug[0m] [0m[0mClause(Atom(sbt.plugins.CorePlugin),Set(Atom(sbt.plugins.Giter8TemplatePlugin)))[0m
[0m[[0m[0mdebug[0m] [0m[0mClause(Atom(sbt.plugins.JvmPlugin),Set(Atom(sbt.plugins.MiniDependencyTreePlugin)))[0m
[0m[[0m[0mdebug[0m] [0m[0mClause(Atom(sbt.plugins.JvmPlugin),Set(Atom(bloop.integrations.sbt.BloopPlugin))))[0m
[0m[[0m[0mdebug[0m] [0m[0m  :: deduced result: Matched(sbt.plugins.CorePlugin,sbt.plugins.Giter8TemplatePlugin,sbt.plugins.IvyPlugin,sbt.plugins.JvmPlugin,bloop.integrations.sbt.BloopPlugin,sbt.plugins.MiniDependencyTreePlugin,sbt.plugins.JUnitXmlReportPlugin,sbt.plugins.SemanticdbPlugin)[0m
[0m[[0m[0mdebug[0m] [0m[0mPlugins.deducer#function took 1.7112 ms[0m
[0m[[0m[0minfo[0m] [0m[0mloading settings for project eurowings-scala-challenge-build-build from metals.sbt...[0m
[0m[[0m[0mdebug[0m] [0m[0m                                                                                                                                                                                                                                                                                                                                                                                                                                                                                Load.resolveProject(eurowings-scala-challenge-build-build) took 50.3051ms[0m
[0m[[0m[0mdebug[0m] [0m[0m                                                                                                                                                                                                                                                                                                                                                                                                                                                                              Load.loadTransitive: finalizeProject(Project(id eurowings-scala-challenge-build-build, base: C:\Users\Davinder kaur\Downloads\eurowings-scala-challenge\project\project, plugins: List(<none>))) took 52.6356ms[0m
[0m[[0m[0mdebug[0m] [0m[0m[Loading] Done in C:\Users\Davinder kaur\Downloads\eurowings-scala-challenge\project\project, returning: (eurowings-scala-challenge-build-build)[0m
[0m[[0m[0mdebug[0m] [0m[0m                                                                                                                                                                                                                                                                                                                                                                                                                                                                            Load.loadUnit: loadedProjectsRaw took 92.8996ms[0m
[0m[[0m[0mdebug[0m] [0m[0m                                                                                                                                                                                                                                                                                                                                                                                                                                                                            Load.loadUnit: cleanEvalClasses took 8.6486ms[0m
[0m[[0m[0mdebug[0m] [0m[0m                                                                                                                                                                                                                                                                                                                                                                                                                                                                          Load.loadUnit(file:/C:/Users/Davinder%20kaur/Downloads/eurowings-scala-challenge/project/project/, ...) took 462.4909ms[0m
[0m[[0m[0mdebug[0m] [0m[0m                                                                                                                                                                                                                                                                                                                                                                                                                                                                        Load.apply: load took 464.7604ms[0m
[0m[[0m[0mdebug[0m] [0m[0m                                                                                                                                                                                                                                                                                                                                                                                                                                                                        Load.apply: resolveProjects took 0.1312ms[0m
[0m[[0m[0mdebug[0m] [0m[0m                                                                                                                                                                                                                                                                                                                                                                                                                                                                        Load.apply: finalTransforms took 22.6141ms[0m
[0m[[0m[0mdebug[0m] [0m[0m                                                                                                                                                                                                                                                                                                                                                                                                                                                                        Load.apply: config.delegates took 0.42ms[0m
[0m[[0m[0mdebug[0m] [0m[0m                                                                                                                                                                                                                                                                                                                                                                                                                                                                        Load.apply: Def.make(settings)... took 60.1646ms[0m
[0m[[0m[0mdebug[0m] [0m[0m                                                                                                                                                                                                                                                                                                                                                                                                                                                                        Load.apply: structureIndex took 23.0598ms[0m
[0m[[0m[0mdebug[0m] [0m[0m                                                                                                                                                                                                                                                                                                                                                                                                                                                                        Load.apply: mkStreams took 0.008ms[0m
[0m[[0m[0minfo[0m] [0m[0mloading project definition from C:\Users\Davinder kaur\Downloads\eurowings-scala-challenge\project\project[0m
[0m[[0m[0mdebug[0m] [0m[0mEvaluating tasks: bloopInstall[0m
[0m[[0m[0mdebug[0m] [0m[0mRunning task... Cancel: Signal, check cycles: false, forcegc: true[0m
[0m[[0m[32msuccess[0m] [0m[0mGenerated .bloop\eurowings-scala-challenge-build-build.json[0m
[0m[[0m[32msuccess[0m] [0m[0mTotal time: 2 s, completed 2 Nov 2025, 04:30:12[0m
[0m[[0m[0mdebug[0m] [0m[0mRunning task... Cancel: Signal, check cycles: false, forcegc: true[0m
[0m[[0m[0mdebug[0m] [0m[0m                                                                                                                                                                                                                                                                                                                                                                                                                                                                      Load.loadUnit: plugins took 2391.1842ms[0m
[0m[[0m[0mdebug[0m] [0m[0m                                                                                                                                                                                                                                                                                                                                                                                                                                                                      Load.loadUnit: defsScala took 0.0079ms[0m
[0m[[0m[0mdebug[0m] [0m[0m[Loading] Scanning directory C:\Users\Davinder kaur\Downloads\eurowings-scala-challenge\project[0m
[0m[[0m[0mdebug[0m] [0m[0m                                                                                                                                                                                                                                                                                                                                                                                                                                                                        Load.loadUnit: mkEval took 0.6209ms[0m
[0m[[0m[0mdebug[0m] [0m[0m[Loading] Found non-root projects [0m
[0m[[0m[0mdebug[0m] [0m[0m[Loading] Done in C:\Users\Davinder kaur\Downloads\eurowings-scala-challenge\project, returning: ()[0m
[0m[[0m[0mdebug[0m] [0m[0mdeducing auto plugins based on known facts Set(Atom(sbt.plugins.CorePlugin)) and clauses Clauses(Clause(Atom(sbt.plugins.JvmPlugin),Set(Atom(sbt.plugins.IvyPlugin)))[0m
[0m[[0m[0mdebug[0m] [0m[0mClause(Atom(sbt.ScriptedPlugin),Set(Atom(sbt.plugins.JvmPlugin)))[0m
[0m[[0m[0mdebug[0m] [0m[0mClause(Atom(sbt.plugins.SbtPlugin),Set(Atom(sbt.ScriptedPlugin)))[0m
[0m[[0m[0mdebug[0m] [0m[0mClause(Atom(sbt.plugins.SemanticdbPlugin),Set(Atom(sbt.plugins.JvmPlugin)))[0m
[0m[[0m[0mdebug[0m] [0m[0mClause(Atom(sbt.plugins.JUnitXmlReportPlugin),Set(Atom(sbt.plugins.JvmPlugin)))[0m
[0m[[0m[0mdebug[0m] [0m[0mClause(Atom(sbt.plugins.MiniDependencyTreePlugin),Set(Atom(sbt.plugins.JvmPlugin)))[0m
[0m[[0m[0mdebug[0m] [0m[0mClause(Atom(bloop.integrations.sbt.BloopPlugin),Set(Atom(sbt.plugins.JvmPlugin)))[0m
[0m[[0m[0mdebug[0m] [0m[0mClause(Atom(sbt.plugins.CorePlugin),Set(Atom(sbt.plugins.IvyPlugin)))[0m
[0m[[0m[0mdebug[0m] [0m[0mClause(Atom(sbt.plugins.IvyPlugin),Set(Atom(sbt.plugins.JvmPlugin)))[0m
[0m[[0m[0mdebug[0m] [0m[0mClause(Atom(sbt.plugins.JvmPlugin),Set(Atom(sbt.plugins.SemanticdbPlugin)))[0m
[0m[[0m[0mdebug[0m] [0m[0mClause(Atom(sbt.plugins.JvmPlugin),Set(Atom(sbt.plugins.JUnitXmlReportPlugin)))[0m
[0m[[0m[0mdebug[0m] [0m[0mClause(Atom(sbt.plugins.CorePlugin),Set(Atom(sbt.plugins.Giter8TemplatePlugin)))[0m
[0m[[0m[0mdebug[0m] [0m[0mClause(Atom(sbt.plugins.JvmPlugin),Set(Atom(sbt.plugins.MiniDependencyTreePlugin)))[0m
[0m[[0m[0mdebug[0m] [0m[0mClause(Atom(sbt.plugins.JvmPlugin),Set(Atom(bloop.integrations.sbt.BloopPlugin))))[0m
[0m[[0m[0mdebug[0m] [0m[0m  :: deduced result: Matched(sbt.plugins.CorePlugin,sbt.plugins.Giter8TemplatePlugin,sbt.plugins.IvyPlugin,sbt.plugins.JvmPlugin,bloop.integrations.sbt.BloopPlugin,sbt.plugins.MiniDependencyTreePlugin,sbt.plugins.JUnitXmlReportPlugin,sbt.plugins.SemanticdbPlugin)[0m
[0m[[0m[0mdebug[0m] [0m[0mPlugins.deducer#function took 1.3846 ms[0m
[0m[[0m[0minfo[0m] [0m[0mloading settings for project eurowings-scala-challenge-build from metals.sbt, plugins.sbt...[0m
[0m[[0m[0mdebug[0m] [0m[0m                                                                                                                                                                                                                                                                                                                                                                                                                                                                          Load.resolveProject(eurowings-scala-challenge-build) took 44.0427ms[0m
[0m[[0m[0mdebug[0m] [0m[0m                                                                                                                                                                                                                                                                                                                                                                                                                                                                        Load.loadTransitive: finalizeProject(Project(id eurowings-scala-challenge-build, base: C:\Users\Davinder kaur\Downloads\eurowings-scala-challenge\project, plugins: List(<none>))) took 46.0457ms[0m
[0m[[0m[0mdebug[0m] [0m[0m[Loading] Done in C:\Users\Davinder kaur\Downloads\eurowings-scala-challenge\project, returning: (eurowings-scala-challenge-build)[0m
[0m[[0m[0mdebug[0m] [0m[0m                                                                                                                                                                                                                                                                                                                                                                                                                                                                      Load.loadUnit: loadedProjectsRaw took 100.4586ms[0m
[0m[[0m[0mdebug[0m] [0m[0m                                                                                                                                                                                                                                                                                                                                                                                                                                                                      Load.loadUnit: cleanEvalClasses took 18.8621ms[0m
[0m[[0m[0mdebug[0m] [0m[0m                                                                                                                                                                                                                                                                                                                                                                                                                                                                    Load.loadUnit(file:/C:/Users/Davinder%20kaur/Downloads/eurowings-scala-challenge/project/, ...) took 2511.582ms[0m
[0m[[0m[0mdebug[0m] [0m[0m                                                                                                                                                                                                                                                                                                                                                                                                                                                                  Load.apply: load took 2514.3881ms[0m
[0m[[0m[0mdebug[0m] [0m[0m                                                                                                                                                                                                                                                                                                                                                                                                                                                                  Load.apply: resolveProjects took 0.1544ms[0m
[0m[[0m[0mdebug[0m] [0m[0m                                                                                                                                                                                                                                                                                                                                                                                                                                                                  Load.apply: finalTransforms took 21.5771ms[0m
[0m[[0m[0mdebug[0m] [0m[0m                                                                                                                                                                                                                                                                                                                                                                                                                                                                  Load.apply: config.delegates took 0.2801ms[0m
[0m[[0m[0mdebug[0m] [0m[0m                                                                                                                                                                                                                                                                                                                                                                                                                                                                  Load.apply: Def.make(settings)... took 58.8091ms[0m
[0m[[0m[0mdebug[0m] [0m[0m                                                                                                                                                                                                                                                                                                                                                                                                                                                                  Load.apply: structureIndex took 22.4151ms[0m
[0m[[0m[0mdebug[0m] [0m[0m                                                                                                                                                                                                                                                                                                                                                                                                                                                                  Load.apply: mkStreams took 0.0123ms[0m
[0m[[0m[0minfo[0m] [0m[0mloading project definition from C:\Users\Davinder kaur\Downloads\eurowings-scala-challenge\project[0m
[0m[[0m[0mdebug[0m] [0m[0mEvaluating tasks: bloopInstall[0m
[0m[[0m[0mdebug[0m] [0m[0mRunning task... Cancel: Signal, check cycles: false, forcegc: true[0m
[0m[[0m[32msuccess[0m] [0m[0mGenerated .bloop\eurowings-scala-challenge-build.json[0m
[0m[[0m[32msuccess[0m] [0m[0mTotal time: 1 s, completed 2 Nov 2025, 04:30:13[0m
[0m[[0m[0mdebug[0m] [0m[0mRunning task... Cancel: Signal, check cycles: false, forcegc: true[0m
[0m[[0m[33mwarn[0m] [0m[0mCanceling execution...[0m
[0m[[0m[31merror[0m] [0m[0mCancelled: loadp[0m
[0m[[0m[31merror[0m] [0m[0mCancelled: loadp[0m
[0m[[0m[31merror[0m] [0m[0mUse 'last' for the full log.[0m
[0m[[0m[0mdebug[0m] [0m[0m> Exec(loadFailed, None, None)[0m
[0m[[0m[33mwarn[0m] [0m[0mProject loading failed: (r)etry, (q)uit, (l)ast, or (i)gnore? (default: r)[0m
