[0m[[0m[0mdebug[0m] [0m[0m> Exec(reload, None, None)[0m
[0m[[0m[0mdebug[0m] [0m[0m> Exec(sbtStashOnFailure, None, None)[0m
[0m[[0m[0mdebug[0m] [0m[0m> Exec(onFailure loadFailed, None, None)[0m
[0m[[0m[0mdebug[0m] [0m[0m> Exec(loadp, None, None)[0m
[0m[[0m[0minfo[0m] [0m[0mwelcome to sbt 1.11.7 (Microsoft Java 17.0.16)[0m
[0m[[0m[0mdebug[0m] [0m[0m                                                                                                                                                                                                                                          Load.loadUnit: plugins took 31.571ms[0m
[0m[[0m[0mdebug[0m] [0m[0m                                                                                                                                                                                                                                          Load.loadUnit: defsScala took 0.0079ms[0m
[0m[[0m[0mdebug[0m] [0m[0m[Loading] Scanning directory C:\Users\Davinder kaur\.sbt\1.0\plugins[0m
[0m[[0m[0mdebug[0m] [0m[0m[Loading] Found non-root projects [0m
[0m[[0m[0mdebug[0m] [0m[0m[Loading] Done in C:\Users\Davinder kaur\.sbt\1.0\plugins, returning: ()[0m
[0m[[0m[0mdebug[0m] [0m[0mdeducing auto plugins based on known facts Set(Atom(sbt.plugins.CorePlugin)) and clauses Clauses(Clause(Atom(sbt.plugins.JvmPlugin),Set(Atom(sbt.plugins.IvyPlugin)))[0m
[0m[[0m[0mdebug[0m] [0m[0mClause(Atom(sbt.ScriptedPlugin),Set(Atom(sbt.plugins.JvmPlugin)))[0m
[0m[[0m[0mdebug[0m] [0m[0mClause(Atom(sbt.plugins.SbtPlugin),Set(Atom(sbt.ScriptedPlugin)))[0m
[0m[[0m[0mdebug[0m] [0m[0mClause(Atom(sbt.plugins.SemanticdbPlugin),Set(Atom(sbt.plugins.JvmPlugin)))[0m
[0m[[0m[0mdebug[0m] [0m[0mClause(Atom(sbt.plugins.JUnitXmlReportPlugin),Set(Atom(sbt.plugins.JvmPlugin)))[0m
[0m[[0m[0mdebug[0m] [0m[0mClause(Atom(sbt.plugins.MiniDependencyTreePlugin),Set(Atom(sbt.plugins.JvmPlugin)))[0m
[0m[[0m[0mdebug[0m] [0m[0mClause(Atom(sbt.plugins.CorePlugin),Set(Atom(sbt.plugins.IvyPlugin)))[0m
[0m[[0m[0mdebug[0m] [0m[0mClause(Atom(sbt.plugins.IvyPlugin),Set(Atom(sbt.plugins.JvmPlugin)))[0m
[0m[[0m[0mdebug[0m] [0m[0mClause(Atom(sbt.plugins.JvmPlugin),Set(Atom(sbt.plugins.SemanticdbPlugin)))[0m
[0m[[0m[0mdebug[0m] [0m[0mClause(Atom(sbt.plugins.JvmPlugin),Set(Atom(sbt.plugins.JUnitXmlReportPlugin)))[0m
[0m[[0m[0mdebug[0m] [0m[0mClause(Atom(sbt.plugins.CorePlugin),Set(Atom(sbt.plugins.Giter8TemplatePlugin)))[0m
[0m[[0m[0mdebug[0m] [0m[0mClause(Atom(sbt.plugins.JvmPlugin),Set(Atom(sbt.plugins.MiniDependencyTreePlugin))))[0m
[0m[[0m[0mdebug[0m] [0m[0m  :: deduced result: Matched(sbt.plugins.CorePlugin,sbt.plugins.Giter8TemplatePlugin,sbt.plugins.IvyPlugin,sbt.plugins.JvmPlugin,sbt.plugins.MiniDependencyTreePlugin,sbt.plugins.JUnitXmlReportPlugin,sbt.plugins.SemanticdbPlugin)[0m
[0m[[0m[0mdebug[0m] [0m[0mPlugins.deducer#function took 1.0921 ms[0m
[0m[[0m[0mdebug[0m] [0m[0m                                                                                                                                                                                                                                              Load.resolveProject(global-plugins) took 1.359ms[0m
[0m[[0m[0mdebug[0m] [0m[0m                                                                                                                                                                                                                                            Load.loadTransitive: finalizeProject(Project(id global-plugins, base: C:\Users\Davinder kaur\.sbt\1.0\plugins, plugins: List(<none>))) took 2.8904ms[0m
[0m[[0m[0mdebug[0m] [0m[0m[Loading] Done in C:\Users\Davinder kaur\.sbt\1.0\plugins, returning: (global-plugins)[0m
[0m[[0m[0mdebug[0m] [0m[0m                                                                                                                                                                                                                                          Load.loadUnit: loadedProjectsRaw took 3.6891ms[0m
[0m[[0m[0mdebug[0m] [0m[0m                                                                                                                                                                                                                                          Load.loadUnit: cleanEvalClasses took 0.0163ms[0m
[0m[[0m[0mdebug[0m] [0m[0m                                                                                                                                                                                                                                        Load.loadUnit(file:/C:/Users/Davinder%20kaur/.sbt/1.0/plugins/, ...) took 36.6146ms[0m
[0m[[0m[0mdebug[0m] [0m[0m                                                                                                                                                                                                                                      Load.apply: load took 37.9987ms[0m
[0m[[0m[0mdebug[0m] [0m[0m                                                                                                                                                                                                                                      Load.apply: resolveProjects took 0.0954ms[0m
[0m[[0m[0mdebug[0m] [0m[0m                                                                                                                                                                                                                                      Load.apply: finalTransforms took 9.7864ms[0m
[0m[[0m[0mdebug[0m] [0m[0m                                                                                                                                                                                                                                      Load.apply: config.delegates took 0.2662ms[0m
[0m[[0m[0mdebug[0m] [0m[0m                                                                                                                                                                                                                                      Load.apply: Def.make(settings)... took 47.2225ms[0m
[0m[[0m[0mdebug[0m] [0m[0m                                                                                                                                                                                                                                      Load.apply: structureIndex took 15.2753ms[0m
[0m[[0m[0mdebug[0m] [0m[0m                                                                                                                                                                                                                                      Load.apply: mkStreams took 0.0039ms[0m
[0m[[0m[0minfo[0m] [0m[0mloading global plugins from C:\Users\Davinder kaur\.sbt\1.0\plugins[0m
[0m[[0m[0mdebug[0m] [0m[0mRunning task... Cancel: Signal, check cycles: false, forcegc: true[0m
[0m[[0m[0mdebug[0m] [0m[0m                                                                                                                                                                                                                                    Load.defaultLoad until apply took 337.6118ms[0m
[0m[[0m[0mdebug[0m] [0m[0m                                                                                                                                                                                                                                                          Load.loadUnit: plugins took 35.1881ms[0m
[0m[[0m[0mdebug[0m] [0m[0m                                                                                                                                                                                                                                                          Load.loadUnit: defsScala took 0.0074ms[0m
[0m[[0m[0mdebug[0m] [0m[0m[Loading] Scanning directory C:\Users\Davinder kaur\Downloads\eurowings-scala-challenge\project\project\project[0m
[0m[[0m[0mdebug[0m] [0m[0m                                                                                                                                                                                                                                                            Load.loadUnit: mkEval took 0.4579ms[0m
[0m[[0m[0mdebug[0m] [0m[0m[Loading] Found non-root projects [0m
[0m[[0m[0mdebug[0m] [0m[0m[Loading] Done in C:\Users\Davinder kaur\Downloads\eurowings-scala-challenge\project\project\project, returning: ()[0m
[0m[[0m[0mdebug[0m] [0m[0mdeducing auto plugins based on known facts Set(Atom(sbt.plugins.CorePlugin)) and clauses Clauses(Clause(Atom(sbt.plugins.JvmPlugin),Set(Atom(sbt.plugins.IvyPlugin)))[0m
[0m[[0m[0mdebug[0m] [0m[0mClause(Atom(sbt.ScriptedPlugin),Set(Atom(sbt.plugins.JvmPlugin)))[0m
[0m[[0m[0mdebug[0m] [0m[0mClause(Atom(sbt.plugins.SbtPlugin),Set(Atom(sbt.ScriptedPlugin)))[0m
[0m[[0m[0mdebug[0m] [0m[0mClause(Atom(sbt.plugins.SemanticdbPlugin),Set(Atom(sbt.plugins.JvmPlugin)))[0m
[0m[[0m[0mdebug[0m] [0m[0mClause(Atom(sbt.plugins.JUnitXmlReportPlugin),Set(Atom(sbt.plugins.JvmPlugin)))[0m
[0m[[0m[0mdebug[0m] [0m[0mClause(Atom(sbt.plugins.MiniDependencyTreePlugin),Set(Atom(sbt.plugins.JvmPlugin)))[0m
[0m[[0m[0mdebug[0m] [0m[0mClause(Atom(sbt.plugins.CorePlugin),Set(Atom(sbt.plugins.IvyPlugin)))[0m
[0m[[0m[0mdebug[0m] [0m[0mClause(Atom(sbt.plugins.IvyPlugin),Set(Atom(sbt.plugins.JvmPlugin)))[0m
[0m[[0m[0mdebug[0m] [0m[0mClause(Atom(sbt.plugins.JvmPlugin),Set(Atom(sbt.plugins.SemanticdbPlugin)))[0m
[0m[[0m[0mdebug[0m] [0m[0mClause(Atom(sbt.plugins.JvmPlugin),Set(Atom(sbt.plugins.JUnitXmlReportPlugin)))[0m
[0m[[0m[0mdebug[0m] [0m[0mClause(Atom(sbt.plugins.CorePlugin),Set(Atom(sbt.plugins.Giter8TemplatePlugin)))[0m
[0m[[0m[0mdebug[0m] [0m[0mClause(Atom(sbt.plugins.JvmPlugin),Set(Atom(sbt.plugins.MiniDependencyTreePlugin))))[0m
[0m[[0m[0mdebug[0m] [0m[0m  :: deduced result: Matched(sbt.plugins.CorePlugin,sbt.plugins.Giter8TemplatePlugin,sbt.plugins.IvyPlugin,sbt.plugins.JvmPlugin,sbt.plugins.MiniDependencyTreePlugin,sbt.plugins.JUnitXmlReportPlugin,sbt.plugins.SemanticdbPlugin)[0m
[0m[[0m[0mdebug[0m] [0m[0mPlugins.deducer#function took 0.8679 ms[0m
[0m[[0m[0minfo[0m] [0m[0mloading settings for project eurowings-scala-challenge-build-build-build from metals.sbt...[0m
[0m[[0m[0mdebug[0m] [0m[0m                                                                                                                                                                                                                                                              Load.resolveProject(eurowings-scala-challenge-build-build-build) took 2.2654ms[0m
[0m[[0m[0mdebug[0m] [0m[0m                                                                                                                                                                                                                                                            Load.loadTransitive: finalizeProject(Project(id eurowings-scala-challenge-build-build-build, base: C:\Users\Davinder kaur\Downloads\eurowings-scala-challenge\project\project\project, plugins: List(<none>))) took 3.4322ms[0m
[0m[[0m[0mdebug[0m] [0m[0m[Loading] Done in C:\Users\Davinder kaur\Downloads\eurowings-scala-challenge\project\project\project, returning: (eurowings-scala-challenge-build-build-build)[0m
[0m[[0m[0mdebug[0m] [0m[0m                                                                                                                                                                                                                                                          Load.loadUnit: loadedProjectsRaw took 26.5514ms[0m
[0m[[0m[0mdebug[0m] [0m[0m                                                                                                                                                                                                                                                          Load.loadUnit: cleanEvalClasses took 6.0295ms[0m
[0m[[0m[0mdebug[0m] [0m[0m                                                                                                                                                                                                                                                        Load.loadUnit(file:/C:/Users/Davinder%20kaur/Downloads/eurowings-scala-challenge/project/project/project/, ...) took 68.737ms[0m
[0m[[0m[0mdebug[0m] [0m[0m                                                                                                                                                                                                                                                      Load.apply: load took 70.413ms[0m
[0m[[0m[0mdebug[0m] [0m[0m                                                                                                                                                                                                                                                      Load.apply: resolveProjects took 0.0996ms[0m
[0m[[0m[0mdebug[0m] [0m[0m                                                                                                                                                                                                                                                      Load.apply: finalTransforms took 11.7449ms[0m
[0m[[0m[0mdebug[0m] [0m[0m                                                                                                                                                                                                                                                      Load.apply: config.delegates took 0.2188ms[0m
[0m[[0m[0mdebug[0m] [0m[0m                                                                                                                                                                                                                                                      Load.apply: Def.make(settings)... took 60.5307ms[0m
[0m[[0m[0mdebug[0m] [0m[0m                                                                                                                                                                                                                                                      Load.apply: structureIndex took 49.4897ms[0m
[0m[[0m[0mdebug[0m] [0m[0m                                                                                                                                                                                                                                                      Load.apply: mkStreams took 0.004ms[0m
[0m[[0m[0minfo[0m] [0m[0mloading project definition from C:\Users\Davinder kaur\Downloads\eurowings-scala-challenge\project\project\project[0m
[0m[[0m[0mdebug[0m] [0m[0mRunning task... Cancel: Signal, check cycles: false, forcegc: true[0m
[0m[[0m[0mdebug[0m] [0m[0m                                                                                                                                                                                                                                                    Load.loadUnit: plugins took 449.4852ms[0m
[0m[[0m[0mdebug[0m] [0m[0m                                                                                                                                                                                                                                                    Load.loadUnit: defsScala took 0.0101ms[0m
[0m[[0m[0mdebug[0m] [0m[0m[Loading] Scanning directory C:\Users\Davinder kaur\Downloads\eurowings-scala-challenge\project\project[0m
[0m[[0m[0mdebug[0m] [0m[0m                                                                                                                                                                                                                                                      Load.loadUnit: mkEval took 0.6654ms[0m
[0m[[0m[0mdebug[0m] [0m[0m[Loading] Found non-root projects [0m
[0m[[0m[0mdebug[0m] [0m[0m[Loading] Done in C:\Users\Davinder kaur\Downloads\eurowings-scala-challenge\project\project, returning: ()[0m
[0m[[0m[0mdebug[0m] [0m[0mdeducing auto plugins based on known facts Set(Atom(sbt.plugins.CorePlugin)) and clauses Clauses(Clause(Atom(sbt.plugins.JvmPlugin),Set(Atom(sbt.plugins.IvyPlugin)))[0m
[0m[[0m[0mdebug[0m] [0m[0mClause(Atom(sbt.ScriptedPlugin),Set(Atom(sbt.plugins.JvmPlugin)))[0m
[0m[[0m[0mdebug[0m] [0m[0mClause(Atom(sbt.plugins.SbtPlugin),Set(Atom(sbt.ScriptedPlugin)))[0m
[0m[[0m[0mdebug[0m] [0m[0mClause(Atom(sbt.plugins.SemanticdbPlugin),Set(Atom(sbt.plugins.JvmPlugin)))[0m
[0m[[0m[0mdebug[0m] [0m[0mClause(Atom(sbt.plugins.JUnitXmlReportPlugin),Set(Atom(sbt.plugins.JvmPlugin)))[0m
[0m[[0m[0mdebug[0m] [0m[0mClause(Atom(sbt.plugins.MiniDependencyTreePlugin),Set(Atom(sbt.plugins.JvmPlugin)))[0m
[0m[[0m[0mdebug[0m] [0m[0mClause(Atom(bloop.integrations.sbt.BloopPlugin),Set(Atom(sbt.plugins.JvmPlugin)))[0m
[0m[[0m[0mdebug[0m] [0m[0mClause(Atom(sbt.plugins.CorePlugin),Set(Atom(sbt.plugins.IvyPlugin)))[0m
[0m[[0m[0mdebug[0m] [0m[0mClause(Atom(sbt.plugins.IvyPlugin),Set(Atom(sbt.plugins.JvmPlugin)))[0m
[0m[[0m[0mdebug[0m] [0m[0mClause(Atom(sbt.plugins.JvmPlugin),Set(Atom(sbt.plugins.SemanticdbPlugin)))[0m
[0m[[0m[0mdebug[0m] [0m[0mClause(Atom(sbt.plugins.JvmPlugin),Set(Atom(sbt.plugins.JUnitXmlReportPlugin)))[0m
[0m[[0m[0mdebug[0m] [0m[0mClause(Atom(sbt.plugins.CorePlugin),Set(Atom(sbt.plugins.Giter8TemplatePlugin)))[0m
[0m[[0m[0mdebug[0m] [0m[0mClause(Atom(sbt.plugins.JvmPlugin),Set(Atom(sbt.plugins.MiniDependencyTreePlugin)))[0m
[0m[[0m[0mdebug[0m] [0m[0mClause(Atom(sbt.plugins.JvmPlugin),Set(Atom(bloop.integrations.sbt.BloopPlugin))))[0m
[0m[[0m[0mdebug[0m] [0m[0m  :: deduced result: Matched(sbt.plugins.CorePlugin,sbt.plugins.Giter8TemplatePlugin,sbt.plugins.IvyPlugin,sbt.plugins.JvmPlugin,bloop.integrations.sbt.BloopPlugin,sbt.plugins.MiniDependencyTreePlugin,sbt.plugins.JUnitXmlReportPlugin,sbt.plugins.SemanticdbPlugin)[0m
[0m[[0m[0mdebug[0m] [0m[0mPlugins.deducer#function took 1.4624 ms[0m
[0m[[0m[0minfo[0m] [0m[0mloading settings for project eurowings-scala-challenge-build-build from metals.sbt...[0m
[0m[[0m[0mdebug[0m] [0m[0m                                                                                                                                                                                                                                                        Load.resolveProject(eurowings-scala-challenge-build-build) took 36.7038ms[0m
[0m[[0m[0mdebug[0m] [0m[0m                                                                                                                                                                                                                                                      Load.loadTransitive: finalizeProject(Project(id eurowings-scala-challenge-build-build, base: C:\Users\Davinder kaur\Downloads\eurowings-scala-challenge\project\project, plugins: List(<none>))) took 39.0704ms[0m
[0m[[0m[0mdebug[0m] [0m[0m[Loading] Done in C:\Users\Davinder kaur\Downloads\eurowings-scala-challenge\project\project, returning: (eurowings-scala-challenge-build-build)[0m
[0m[[0m[0mdebug[0m] [0m[0m                                                                                                                                                                                                                                                    Load.loadUnit: loadedProjectsRaw took 66.6955ms[0m
[0m[[0m[0mdebug[0m] [0m[0m                                                                                                                                                                                                                                                    Load.loadUnit: cleanEvalClasses took 7.5184ms[0m
[0m[[0m[0mdebug[0m] [0m[0m                                                                                                                                                                                                                                                  Load.loadUnit(file:/C:/Users/Davinder%20kaur/Downloads/eurowings-scala-challenge/project/project/, ...) took 524.9691ms[0m
[0m[[0m[0mdebug[0m] [0m[0m                                                                                                                                                                                                                                                Load.apply: load took 527.2853ms[0m
[0m[[0m[0mdebug[0m] [0m[0m                                                                                                                                                                                                                                                Load.apply: resolveProjects took 0.1182ms[0m
[0m[[0m[0mdebug[0m] [0m[0m                                                                                                                                                                                                                                                Load.apply: finalTransforms took 19.8694ms[0m
[0m[[0m[0mdebug[0m] [0m[0m                                                                                                                                                                                                                                                Load.apply: config.delegates took 0.342ms[0m
[0m[[0m[0mdebug[0m] [0m[0m                                                                                                                                                                                                                                                Load.apply: Def.make(settings)... took 65.3046ms[0m
[0m[[0m[0mdebug[0m] [0m[0m                                                                                                                                                                                                                                                Load.apply: structureIndex took 25.6775ms[0m
[0m[[0m[0mdebug[0m] [0m[0m                                                                                                                                                                                                                                                Load.apply: mkStreams took 0.0047ms[0m
[0m[[0m[0minfo[0m] [0m[0mloading project definition from C:\Users\Davinder kaur\Downloads\eurowings-scala-challenge\project\project[0m
[0m[[0m[0mdebug[0m] [0m[0mEvaluating tasks: bloopInstall[0m
[0m[[0m[0mdebug[0m] [0m[0mRunning task... Cancel: Signal, check cycles: false, forcegc: true[0m
