[0m[[0m[0mdebug[0m] [0m[0m> Exec(reload, None, None)[0m
[0m[[0m[0mdebug[0m] [0m[0m> Exec(sbtStashOnFailure, None, None)[0m
[0m[[0m[0mdebug[0m] [0m[0m> Exec(onFailure loadFailed, None, None)[0m
[0m[[0m[0mdebug[0m] [0m[0m> Exec(loadp, None, None)[0m
[0m[[0m[0minfo[0m] [0m[0mwelcome to sbt 1.11.7 (Microsoft Java 17.0.16)[0m
[0m[[0m[0mdebug[0m] [0m[0m                                                                                                                                                                                                                                                                                                                                          Load.loadUnit: plugins took 61.2577ms[0m
[0m[[0m[0mdebug[0m] [0m[0m                                                                                                                                                                                                                                                                                                                                          Load.loadUnit: defsScala took 0.0028ms[0m
[0m[[0m[0mdebug[0m] [0m[0m[Loading] Scanning directory C:\Users\Davinder kaur\.sbt\1.0\plugins[0m
[0m[[0m[0mdebug[0m] [0m[0m[Loading] Found non-root projects [0m
[0m[[0m[0mdebug[0m] [0m[0m[Loading] Done in C:\Users\Davinder kaur\.sbt\1.0\plugins, returning: ()[0m
[0m[[0m[0mdebug[0m] [0m[0mdeducing auto plugins based on known facts Set(Atom(sbt.plugins.CorePlugin)) and clauses Clauses(Clause(Atom(sbt.plugins.JvmPlugin),Set(Atom(sbt.plugins.IvyPlugin)))[0m
[0m[[0m[0mdebug[0m] [0m[0mClause(Atom(sbt.ScriptedPlugin),Set(Atom(sbt.plugins.JvmPlugin)))[0m
[0m[[0m[0mdebug[0m] [0m[0mClause(Atom(sbt.plugins.SbtPlugin),Set(Atom(sbt.ScriptedPlugin)))[0m
[0m[[0m[0mdebug[0m] [0m[0mClause(Atom(sbt.plugins.SemanticdbPlugin),Set(Atom(sbt.plugins.JvmPlugin)))[0m
[0m[[0m[0mdebug[0m] [0m[0mClause(Atom(sbt.plugins.JUnitXmlReportPlugin),Set(Atom(sbt.plugins.JvmPlugin)))[0m
[0m[[0m[0mdebug[0m] [0m[0mClause(Atom(sbt.plugins.MiniDependencyTreePlugin),Set(Atom(sbt.plugins.JvmPlugin)))[0m
[0m[[0m[0mdebug[0m] [0m[0mClause(Atom(sbt.plugins.CorePlugin),Set(Atom(sbt.plugins.IvyPlugin)))[0m
[0m[[0m[0mdebug[0m] [0m[0mClause(Atom(sbt.plugins.IvyPlugin),Set(Atom(sbt.plugins.JvmPlugin)))[0m
[0m[[0m[0mdebug[0m] [0m[0mClause(Atom(sbt.plugins.JvmPlugin),Set(Atom(sbt.plugins.SemanticdbPlugin)))[0m
[0m[[0m[0mdebug[0m] [0m[0mClause(Atom(sbt.plugins.JvmPlugin),Set(Atom(sbt.plugins.JUnitXmlReportPlugin)))[0m
[0m[[0m[0mdebug[0m] [0m[0mClause(Atom(sbt.plugins.CorePlugin),Set(Atom(sbt.plugins.Giter8TemplatePlugin)))[0m
[0m[[0m[0mdebug[0m] [0m[0mClause(Atom(sbt.plugins.JvmPlugin),Set(Atom(sbt.plugins.MiniDependencyTreePlugin))))[0m
[0m[[0m[0mdebug[0m] [0m[0m  :: deduced result: Matched(sbt.plugins.CorePlugin,sbt.plugins.Giter8TemplatePlugin,sbt.plugins.IvyPlugin,sbt.plugins.JvmPlugin,sbt.plugins.MiniDependencyTreePlugin,sbt.plugins.JUnitXmlReportPlugin,sbt.plugins.SemanticdbPlugin)[0m
[0m[[0m[0mdebug[0m] [0m[0mPlugins.deducer#function took 1.2864 ms[0m
[0m[[0m[0mdebug[0m] [0m[0m                                                                                                                                                                                                                                                                                                                                              Load.resolveProject(global-plugins) took 1.9867ms[0m
[0m[[0m[0mdebug[0m] [0m[0m                                                                                                                                                                                                                                                                                                                                            Load.loadTransitive: finalizeProject(Project(id global-plugins, base: C:\Users\Davinder kaur\.sbt\1.0\plugins, plugins: List(<none>))) took 3.7141ms[0m
[0m[[0m[0mdebug[0m] [0m[0m[Loading] Done in C:\Users\Davinder kaur\.sbt\1.0\plugins, returning: (global-plugins)[0m
[0m[[0m[0mdebug[0m] [0m[0m                                                                                                                                                                                                                                                                                                                                          Load.loadUnit: loadedProjectsRaw took 5.0929ms[0m
[0m[[0m[0mdebug[0m] [0m[0m                                                                                                                                                                                                                                                                                                                                          Load.loadUnit: cleanEvalClasses took 0.0186ms[0m
[0m[[0m[0mdebug[0m] [0m[0m                                                                                                                                                                                                                                                                                                                                        Load.loadUnit(file:/C:/Users/Davinder%20kaur/.sbt/1.0/plugins/, ...) took 68.1073ms[0m
[0m[[0m[0mdebug[0m] [0m[0m                                                                                                                                                                                                                                                                                                                                      Load.apply: load took 70.3842ms[0m
[0m[[0m[0mdebug[0m] [0m[0m                                                                                                                                                                                                                                                                                                                                      Load.apply: resolveProjects took 0.1255ms[0m
[0m[[0m[0mdebug[0m] [0m[0m                                                                                                                                                                                                                                                                                                                                      Load.apply: finalTransforms took 12.7392ms[0m
[0m[[0m[0mdebug[0m] [0m[0m                                                                                                                                                                                                                                                                                                                                      Load.apply: config.delegates took 0.3878ms[0m
[0m[[0m[0mdebug[0m] [0m[0m                                                                                                                                                                                                                                                                                                                                      Load.apply: Def.make(settings)... took 67.3465ms[0m
[0m[[0m[0mdebug[0m] [0m[0m                                                                                                                                                                                                                                                                                                                                      Load.apply: structureIndex took 25.5787ms[0m
[0m[[0m[0mdebug[0m] [0m[0m                                                                                                                                                                                                                                                                                                                                      Load.apply: mkStreams took 0.0081ms[0m
[0m[[0m[0minfo[0m] [0m[0mloading global plugins from C:\Users\Davinder kaur\.sbt\1.0\plugins[0m
[0m[[0m[0mdebug[0m] [0m[0mRunning task... Cancel: Signal, check cycles: false, forcegc: true[0m
[0m[[0m[0mdebug[0m] [0m[0m                                                                                                                                                                                                                                                                                                                                    Load.defaultLoad until apply took 438.8223ms[0m
[0m[[0m[0mdebug[0m] [0m[0m                                                                                                                                                                                                                                                                                                                                                          Load.loadUnit: plugins took 50.1244ms[0m
[0m[[0m[0mdebug[0m] [0m[0m                                                                                                                                                                                                                                                                                                                                                          Load.loadUnit: defsScala took 0.0017ms[0m
[0m[[0m[0mdebug[0m] [0m[0m[Loading] Scanning directory C:\Users\Davinder kaur\Downloads\eurowings-scala-challenge\project\project\project[0m
[0m[[0m[0mdebug[0m] [0m[0m                                                                                                                                                                                                                                                                                                                                                            Load.loadUnit: mkEval took 0.6415ms[0m
[0m[[0m[0mdebug[0m] [0m[0m[Loading] Found non-root projects [0m
[0m[[0m[0mdebug[0m] [0m[0m[Loading] Done in C:\Users\Davinder kaur\Downloads\eurowings-scala-challenge\project\project\project, returning: ()[0m
[0m[[0m[0mdebug[0m] [0m[0mdeducing auto plugins based on known facts Set(Atom(sbt.plugins.CorePlugin)) and clauses Clauses(Clause(Atom(sbt.plugins.JvmPlugin),Set(Atom(sbt.plugins.IvyPlugin)))[0m
[0m[[0m[0mdebug[0m] [0m[0mClause(Atom(sbt.ScriptedPlugin),Set(Atom(sbt.plugins.JvmPlugin)))[0m
[0m[[0m[0mdebug[0m] [0m[0mClause(Atom(sbt.plugins.SbtPlugin),Set(Atom(sbt.ScriptedPlugin)))[0m
[0m[[0m[0mdebug[0m] [0m[0mClause(Atom(sbt.plugins.SemanticdbPlugin),Set(Atom(sbt.plugins.JvmPlugin)))[0m
[0m[[0m[0mdebug[0m] [0m[0mClause(Atom(sbt.plugins.JUnitXmlReportPlugin),Set(Atom(sbt.plugins.JvmPlugin)))[0m
[0m[[0m[0mdebug[0m] [0m[0mClause(Atom(sbt.plugins.MiniDependencyTreePlugin),Set(Atom(sbt.plugins.JvmPlugin)))[0m
[0m[[0m[0mdebug[0m] [0m[0mClause(Atom(sbt.plugins.CorePlugin),Set(Atom(sbt.plugins.IvyPlugin)))[0m
[0m[[0m[0mdebug[0m] [0m[0mClause(Atom(sbt.plugins.IvyPlugin),Set(Atom(sbt.plugins.JvmPlugin)))[0m
[0m[[0m[0mdebug[0m] [0m[0mClause(Atom(sbt.plugins.JvmPlugin),Set(Atom(sbt.plugins.SemanticdbPlugin)))[0m
[0m[[0m[0mdebug[0m] [0m[0mClause(Atom(sbt.plugins.JvmPlugin),Set(Atom(sbt.plugins.JUnitXmlReportPlugin)))[0m
[0m[[0m[0mdebug[0m] [0m[0mClause(Atom(sbt.plugins.CorePlugin),Set(Atom(sbt.plugins.Giter8TemplatePlugin)))[0m
[0m[[0m[0mdebug[0m] [0m[0mClause(Atom(sbt.plugins.JvmPlugin),Set(Atom(sbt.plugins.MiniDependencyTreePlugin))))[0m
[0m[[0m[0mdebug[0m] [0m[0m  :: deduced result: Matched(sbt.plugins.CorePlugin,sbt.plugins.Giter8TemplatePlugin,sbt.plugins.IvyPlugin,sbt.plugins.JvmPlugin,sbt.plugins.MiniDependencyTreePlugin,sbt.plugins.JUnitXmlReportPlugin,sbt.plugins.SemanticdbPlugin)[0m
[0m[[0m[0mdebug[0m] [0m[0mPlugins.deducer#function took 1.3631 ms[0m
[0m[[0m[0minfo[0m] [0m[0mloading settings for project eurowings-scala-challenge-build-build-build from metals.sbt...[0m
[0m[[0m[0mdebug[0m] [0m[0m                                                                                                                                                                                                                                                                                                                                                              Load.resolveProject(eurowings-scala-challenge-build-build-build) took 3.1667ms[0m
[0m[[0m[0mdebug[0m] [0m[0m                                                                                                                                                                                                                                                                                                                                                            Load.loadTransitive: finalizeProject(Project(id eurowings-scala-challenge-build-build-build, base: C:\Users\Davinder kaur\Downloads\eurowings-scala-challenge\project\project\project, plugins: List(<none>))) took 5.0357ms[0m
[0m[[0m[0mdebug[0m] [0m[0m[Loading] Done in C:\Users\Davinder kaur\Downloads\eurowings-scala-challenge\project\project\project, returning: (eurowings-scala-challenge-build-build-build)[0m
[0m[[0m[0mdebug[0m] [0m[0m                                                                                                                                                                                                                                                                                                                                                          Load.loadUnit: loadedProjectsRaw took 40.0895ms[0m
[0m[[0m[0mdebug[0m] [0m[0m                                                                                                                                                                                                                                                                                                                                                          Load.loadUnit: cleanEvalClasses took 11.7924ms[0m
[0m[[0m[0mdebug[0m] [0m[0m                                                                                                                                                                                                                                                                                                                                                        Load.loadUnit(file:/C:/Users/Davinder%20kaur/Downloads/eurowings-scala-challenge/project/project/project/, ...) took 103.2872ms[0m
[0m[[0m[0mdebug[0m] [0m[0m                                                                                                                                                                                                                                                                                                                                                      Load.apply: load took 105.3627ms[0m
[0m[[0m[0mdebug[0m] [0m[0m                                                                                                                                                                                                                                                                                                                                                      Load.apply: resolveProjects took 0.1411ms[0m
[0m[[0m[0mdebug[0m] [0m[0m                                                                                                                                                                                                                                                                                                                                                      Load.apply: finalTransforms took 13.2107ms[0m
[0m[[0m[0mdebug[0m] [0m[0m                                                                                                                                                                                                                                                                                                                                                      Load.apply: config.delegates took 0.3954ms[0m
[0m[[0m[0mdebug[0m] [0m[0m                                                                                                                                                                                                                                                                                                                                                      Load.apply: Def.make(settings)... took 64.4118ms[0m
[0m[[0m[0mdebug[0m] [0m[0m                                                                                                                                                                                                                                                                                                                                                      Load.apply: structureIndex took 31.2073ms[0m
[0m[[0m[0mdebug[0m] [0m[0m                                                                                                                                                                                                                                                                                                                                                      Load.apply: mkStreams took 0.01ms[0m
[0m[[0m[0minfo[0m] [0m[0mloading project definition from C:\Users\Davinder kaur\Downloads\eurowings-scala-challenge\project\project\project[0m
[0m[[0m[0mdebug[0m] [0m[0mRunning task... Cancel: Signal, check cycles: false, forcegc: true[0m
[0m[[0m[0mdebug[0m] [0m[0m                                                                                                                                                                                                                                                                                                                                                    Load.loadUnit: plugins took 482.116ms[0m
[0m[[0m[0mdebug[0m] [0m[0m                                                                                                                                                                                                                                                                                                                                                    Load.loadUnit: defsScala took 0.0026ms[0m
[0m[[0m[0mdebug[0m] [0m[0m[Loading] Scanning directory C:\Users\Davinder kaur\Downloads\eurowings-scala-challenge\project\project[0m
[0m[[0m[0mdebug[0m] [0m[0m                                                                                                                                                                                                                                                                                                                                                      Load.loadUnit: mkEval took 0.8498ms[0m
[0m[[0m[0mdebug[0m] [0m[0m[Loading] Found non-root projects [0m
[0m[[0m[0mdebug[0m] [0m[0m[Loading] Done in C:\Users\Davinder kaur\Downloads\eurowings-scala-challenge\project\project, returning: ()[0m
[0m[[0m[0mdebug[0m] [0m[0mdeducing auto plugins based on known facts Set(Atom(sbt.plugins.CorePlugin)) and clauses Clauses(Clause(Atom(sbt.plugins.JvmPlugin),Set(Atom(sbt.plugins.IvyPlugin)))[0m
[0m[[0m[0mdebug[0m] [0m[0mClause(Atom(sbt.ScriptedPlugin),Set(Atom(sbt.plugins.JvmPlugin)))[0m
[0m[[0m[0mdebug[0m] [0m[0mClause(Atom(sbt.plugins.SbtPlugin),Set(Atom(sbt.ScriptedPlugin)))[0m
[0m[[0m[0mdebug[0m] [0m[0mClause(Atom(sbt.plugins.SemanticdbPlugin),Set(Atom(sbt.plugins.JvmPlugin)))[0m
[0m[[0m[0mdebug[0m] [0m[0mClause(Atom(sbt.plugins.JUnitXmlReportPlugin),Set(Atom(sbt.plugins.JvmPlugin)))[0m
[0m[[0m[0mdebug[0m] [0m[0mClause(Atom(sbt.plugins.MiniDependencyTreePlugin),Set(Atom(sbt.plugins.JvmPlugin)))[0m
[0m[[0m[0mdebug[0m] [0m[0mClause(Atom(bloop.integrations.sbt.BloopPlugin),Set(Atom(sbt.plugins.JvmPlugin)))[0m
[0m[[0m[0mdebug[0m] [0m[0mClause(Atom(sbt.plugins.CorePlugin),Set(Atom(sbt.plugins.IvyPlugin)))[0m
[0m[[0m[0mdebug[0m] [0m[0mClause(Atom(sbt.plugins.IvyPlugin),Set(Atom(sbt.plugins.JvmPlugin)))[0m
[0m[[0m[0mdebug[0m] [0m[0mClause(Atom(sbt.plugins.JvmPlugin),Set(Atom(sbt.plugins.SemanticdbPlugin)))[0m
[0m[[0m[0mdebug[0m] [0m[0mClause(Atom(sbt.plugins.JvmPlugin),Set(Atom(sbt.plugins.JUnitXmlReportPlugin)))[0m
[0m[[0m[0mdebug[0m] [0m[0mClause(Atom(sbt.plugins.CorePlugin),Set(Atom(sbt.plugins.Giter8TemplatePlugin)))[0m
[0m[[0m[0mdebug[0m] [0m[0mClause(Atom(sbt.plugins.JvmPlugin),Set(Atom(sbt.plugins.MiniDependencyTreePlugin)))[0m
[0m[[0m[0mdebug[0m] [0m[0mClause(Atom(sbt.plugins.JvmPlugin),Set(Atom(bloop.integrations.sbt.BloopPlugin))))[0m
[0m[[0m[0mdebug[0m] [0m[0m  :: deduced result: Matched(sbt.plugins.CorePlugin,sbt.plugins.Giter8TemplatePlugin,sbt.plugins.IvyPlugin,sbt.plugins.JvmPlugin,bloop.integrations.sbt.BloopPlugin,sbt.plugins.MiniDependencyTreePlugin,sbt.plugins.JUnitXmlReportPlugin,sbt.plugins.SemanticdbPlugin)[0m
[0m[[0m[0mdebug[0m] [0m[0mPlugins.deducer#function took 1.5731 ms[0m
[0m[[0m[0minfo[0m] [0m[0mloading settings for project eurowings-scala-challenge-build-build from metals.sbt...[0m
[0m[[0m[0mdebug[0m] [0m[0m                                                                                                                                                                                                                                                                                                                                                        Load.resolveProject(eurowings-scala-challenge-build-build) took 57.6223ms[0m
[0m[[0m[0mdebug[0m] [0m[0m                                                                                                                                                                                                                                                                                                                                                      Load.loadTransitive: finalizeProject(Project(id eurowings-scala-challenge-build-build, base: C:\Users\Davinder kaur\Downloads\eurowings-scala-challenge\project\project, plugins: List(<none>))) took 59.7967ms[0m
[0m[[0m[0mdebug[0m] [0m[0m[Loading] Done in C:\Users\Davinder kaur\Downloads\eurowings-scala-challenge\project\project, returning: (eurowings-scala-challenge-build-build)[0m
[0m[[0m[0mdebug[0m] [0m[0m                                                                                                                                                                                                                                                                                                                                                    Load.loadUnit: loadedProjectsRaw took 97.3098ms[0m
[0m[[0m[0mdebug[0m] [0m[0m                                                                                                                                                                                                                                                                                                                                                    Load.loadUnit: cleanEvalClasses took 13.0911ms[0m
[0m[[0m[0mdebug[0m] [0m[0m                                                                                                                                                                                                                                                                                                                                                  Load.loadUnit(file:/C:/Users/Davinder%20kaur/Downloads/eurowings-scala-challenge/project/project/, ...) took 594.2799ms[0m
[0m[[0m[0mdebug[0m] [0m[0m                                                                                                                                                                                                                                                                                                                                                Load.apply: load took 597.3317ms[0m
[0m[[0m[0mdebug[0m] [0m[0m                                                                                                                                                                                                                                                                                                                                                Load.apply: resolveProjects took 0.1718ms[0m
[0m[[0m[0mdebug[0m] [0m[0m                                                                                                                                                                                                                                                                                                                                                Load.apply: finalTransforms took 27.056ms[0m
[0m[[0m[0mdebug[0m] [0m[0m                                                                                                                                                                                                                                                                                                                                                Load.apply: config.delegates took 0.4609ms[0m
[0m[[0m[0mdebug[0m] [0m[0m                                                                                                                                                                                                                                                                                                                                                Load.apply: Def.make(settings)... took 71.671ms[0m
[0m[[0m[0mdebug[0m] [0m[0m                                                                                                                                                                                                                                                                                                                                                Load.apply: structureIndex took 34.1754ms[0m
[0m[[0m[0mdebug[0m] [0m[0m                                                                                                                                                                                                                                                                                                                                                Load.apply: mkStreams took 0.0095ms[0m
[0m[[0m[0minfo[0m] [0m[0mloading project definition from C:\Users\Davinder kaur\Downloads\eurowings-scala-challenge\project\project[0m
[0m[[0m[0mdebug[0m] [0m[0mEvaluating tasks: bloopInstall[0m
[0m[[0m[0mdebug[0m] [0m[0mRunning task... Cancel: Signal, check cycles: false, forcegc: true[0m
[0m[[0m[32msuccess[0m] [0m[0mGenerated .bloop\eurowings-scala-challenge-build-build.json[0m
[0m[[0m[32msuccess[0m] [0m[0mTotal time: 2 s, completed 2 Nov 2025, 04:36:54[0m
[0m[[0m[0mdebug[0m] [0m[0mRunning task... Cancel: Signal, check cycles: false, forcegc: true[0m
[0m[[0m[0mdebug[0m] [0m[0m                                                                                                                                                                                                                                                                                                                                              Load.loadUnit: plugins took 2922.0815ms[0m
[0m[[0m[0mdebug[0m] [0m[0m                                                                                                                                                                                                                                                                                                                                              Load.loadUnit: defsScala took 0.0016ms[0m
[0m[[0m[0mdebug[0m] [0m[0m[Loading] Scanning directory C:\Users\Davinder kaur\Downloads\eurowings-scala-challenge\project[0m
[0m[[0m[0mdebug[0m] [0m[0m                                                                                                                                                                                                                                                                                                                                                Load.loadUnit: mkEval took 1.0124ms[0m
[0m[[0m[0mdebug[0m] [0m[0m[Loading] Found non-root projects [0m
[0m[[0m[0mdebug[0m] [0m[0m[Loading] Done in C:\Users\Davinder kaur\Downloads\eurowings-scala-challenge\project, returning: ()[0m
[0m[[0m[0mdebug[0m] [0m[0mdeducing auto plugins based on known facts Set(Atom(sbt.plugins.CorePlugin)) and clauses Clauses(Clause(Atom(sbt.plugins.JvmPlugin),Set(Atom(sbt.plugins.IvyPlugin)))[0m
[0m[[0m[0mdebug[0m] [0m[0mClause(Atom(sbt.ScriptedPlugin),Set(Atom(sbt.plugins.JvmPlugin)))[0m
[0m[[0m[0mdebug[0m] [0m[0mClause(Atom(sbt.plugins.SbtPlugin),Set(Atom(sbt.ScriptedPlugin)))[0m
[0m[[0m[0mdebug[0m] [0m[0mClause(Atom(sbt.plugins.SemanticdbPlugin),Set(Atom(sbt.plugins.JvmPlugin)))[0m
[0m[[0m[0mdebug[0m] [0m[0mClause(Atom(sbt.plugins.JUnitXmlReportPlugin),Set(Atom(sbt.plugins.JvmPlugin)))[0m
[0m[[0m[0mdebug[0m] [0m[0mClause(Atom(sbt.plugins.MiniDependencyTreePlugin),Set(Atom(sbt.plugins.JvmPlugin)))[0m
[0m[[0m[0mdebug[0m] [0m[0mClause(Atom(bloop.integrations.sbt.BloopPlugin),Set(Atom(sbt.plugins.JvmPlugin)))[0m
[0m[[0m[0mdebug[0m] [0m[0mClause(Atom(sbt.plugins.CorePlugin),Set(Atom(sbt.plugins.IvyPlugin)))[0m
[0m[[0m[0mdebug[0m] [0m[0mClause(Atom(sbt.plugins.IvyPlugin),Set(Atom(sbt.plugins.JvmPlugin)))[0m
[0m[[0m[0mdebug[0m] [0m[0mClause(Atom(sbt.plugins.JvmPlugin),Set(Atom(sbt.plugins.SemanticdbPlugin)))[0m
[0m[[0m[0mdebug[0m] [0m[0mClause(Atom(sbt.plugins.JvmPlugin),Set(Atom(sbt.plugins.JUnitXmlReportPlugin)))[0m
[0m[[0m[0mdebug[0m] [0m[0mClause(Atom(sbt.plugins.CorePlugin),Set(Atom(sbt.plugins.Giter8TemplatePlugin)))[0m
[0m[[0m[0mdebug[0m] [0m[0mClause(Atom(sbt.plugins.JvmPlugin),Set(Atom(sbt.plugins.MiniDependencyTreePlugin)))[0m
[0m[[0m[0mdebug[0m] [0m[0mClause(Atom(sbt.plugins.JvmPlugin),Set(Atom(bloop.integrations.sbt.BloopPlugin))))[0m
[0m[[0m[0mdebug[0m] [0m[0m  :: deduced result: Matched(sbt.plugins.CorePlugin,sbt.plugins.Giter8TemplatePlugin,sbt.plugins.IvyPlugin,sbt.plugins.JvmPlugin,bloop.integrations.sbt.BloopPlugin,sbt.plugins.MiniDependencyTreePlugin,sbt.plugins.JUnitXmlReportPlugin,sbt.plugins.SemanticdbPlugin)[0m
[0m[[0m[0mdebug[0m] [0m[0mPlugins.deducer#function took 1.8174 ms[0m
[0m[[0m[0minfo[0m] [0m[0mloading settings for project eurowings-scala-challenge-build from metals.sbt, plugins.sbt...[0m
[0m[[0m[0mdebug[0m] [0m[0m                                                                                                                                                                                                                                                                                                                                                  Load.resolveProject(eurowings-scala-challenge-build) took 57.8153ms[0m
[0m[[0m[0mdebug[0m] [0m[0m                                                                                                                                                                                                                                                                                                                                                Load.loadTransitive: finalizeProject(Project(id eurowings-scala-challenge-build, base: C:\Users\Davinder kaur\Downloads\eurowings-scala-challenge\project, plugins: List(<none>))) took 60.2445ms[0m
[0m[[0m[0mdebug[0m] [0m[0m[Loading] Done in C:\Users\Davinder kaur\Downloads\eurowings-scala-challenge\project, returning: (eurowings-scala-challenge-build)[0m
[0m[[0m[0mdebug[0m] [0m[0m                                                                                                                                                                                                                                                                                                                                              Load.loadUnit: loadedProjectsRaw took 108.5287ms[0m
[0m[[0m[0mdebug[0m] [0m[0m                                                                                                                                                                                                                                                                                                                                              Load.loadUnit: cleanEvalClasses took 13.1399ms[0m
[0m[[0m[0mdebug[0m] [0m[0m                                                                                                                                                                                                                                                                                                                                            Load.loadUnit(file:/C:/Users/Davinder%20kaur/Downloads/eurowings-scala-challenge/project/, ...) took 3045.3714ms[0m
[0m[[0m[0mdebug[0m] [0m[0m                                                                                                                                                                                                                                                                                                                                          Load.apply: load took 3048.104ms[0m
[0m[[0m[0mdebug[0m] [0m[0m                                                                                                                                                                                                                                                                                                                                          Load.apply: resolveProjects took 0.147ms[0m
[0m[[0m[0mdebug[0m] [0m[0m                                                                                                                                                                                                                                                                                                                                          Load.apply: finalTransforms took 20.647ms[0m
[0m[[0m[0mdebug[0m] [0m[0m                                                                                                                                                                                                                                                                                                                                          Load.apply: config.delegates took 0.331ms[0m
[0m[[0m[0mdebug[0m] [0m[0m                                                                                                                                                                                                                                                                                                                                          Load.apply: Def.make(settings)... took 58.1726ms[0m
[0m[[0m[0mdebug[0m] [0m[0m                                                                                                                                                                                                                                                                                                                                          Load.apply: structureIndex took 20.3071ms[0m
[0m[[0m[0mdebug[0m] [0m[0m                                                                                                                                                                                                                                                                                                                                          Load.apply: mkStreams took 0.0052ms[0m
[0m[[0m[0minfo[0m] [0m[0mloading project definition from C:\Users\Davinder kaur\Downloads\eurowings-scala-challenge\project[0m
[0m[[0m[0mdebug[0m] [0m[0mEvaluating tasks: bloopInstall[0m
[0m[[0m[0mdebug[0m] [0m[0mRunning task... Cancel: Signal, check cycles: false, forcegc: true[0m
[0m[[0m[32msuccess[0m] [0m[0mGenerated .bloop\eurowings-scala-challenge-build.json[0m
[0m[[0m[32msuccess[0m] [0m[0mTotal time: 2 s, completed 2 Nov 2025, 04:36:56[0m
[0m[[0m[0mdebug[0m] [0m[0mRunning task... Cancel: Signal, check cycles: false, forcegc: true[0m
[0m[[0m[0mdebug[0m] [0m[0m                                                                                                                                                                                                                                                                                                                                        Load.loadUnit: plugins took 5093.4606ms[0m
[0m[[0m[0mdebug[0m] [0m[0m                                                                                                                                                                                                                                                                                                                                        Load.loadUnit: defsScala took 0.0015ms[0m
[0m[[0m[0mdebug[0m] [0m[0m[Loading] Scanning directory C:\Users\Davinder kaur\Downloads\eurowings-scala-challenge[0m
[0m[[0m[0mdebug[0m] [0m[0m                                                                                                                                                                                                                                                                                                                                          Load.loadUnit: mkEval took 0.4958ms[0m
[0m[[0m[31merror[0m] [0m[0mType error in expression[0m
[0m[[0m[0mdebug[0m] [0m[0m> Exec(loadFailed, None, None)[0m
[0m[[0m[33mwarn[0m] [0m[0mProject loading failed: (r)etry, (q)uit, (l)ast, or (i)gnore? (default: r)[0m
