[0m[[0m[0mdebug[0m] [0m[0m> Exec(reload, None, None)[0m
[0m[[0m[0mdebug[0m] [0m[0m> Exec(sbtStashOnFailure, None, None)[0m
[0m[[0m[0mdebug[0m] [0m[0m> Exec(onFailure loadFailed, None, None)[0m
[0m[[0m[0mdebug[0m] [0m[0m> Exec(loadp, None, None)[0m
[0m[[0m[0minfo[0m] [0m[0mwelcome to sbt 1.11.7 (Microsoft Java 17.0.16)[0m
[0m[[0m[0mdebug[0m] [0m[0m                                                                                                                                                                                                                                                                                                                                                                                                                                                                        Load.loadUnit: plugins took 35.9876ms[0m
[0m[[0m[0mdebug[0m] [0m[0m                                                                                                                                                                                                                                                                                                                                                                                                                                                                        Load.loadUnit: defsScala took 0.0106ms[0m
[0m[[0m[0mdebug[0m] [0m[0m[Loading] Scanning directory C:\Users\Davinder kaur\.sbt\1.0\plugins[0m
[0m[[0m[0mdebug[0m] [0m[0m[Loading] Found non-root projects [0m
[0m[[0m[0mdebug[0m] [0m[0m[Loading] Done in C:\Users\Davinder kaur\.sbt\1.0\plugins, returning: ()[0m
[0m[[0m[0mdebug[0m] [0m[0mdeducing auto plugins based on known facts Set(Atom(sbt.plugins.CorePlugin)) and clauses Clauses(Clause(Atom(sbt.plugins.JvmPlugin),Set(Atom(sbt.plugins.IvyPlugin)))[0m
[0m[[0m[0mdebug[0m] [0m[0mClause(Atom(sbt.ScriptedPlugin),Set(Atom(sbt.plugins.JvmPlugin)))[0m
[0m[[0m[0mdebug[0m] [0m[0mClause(Atom(sbt.plugins.SbtPlugin),Set(Atom(sbt.ScriptedPlugin)))[0m
[0m[[0m[0mdebug[0m] [0m[0mClause(Atom(sbt.plugins.SemanticdbPlugin),Set(Atom(sbt.plugins.JvmPlugin)))[0m
[0m[[0m[0mdebug[0m] [0m[0mClause(Atom(sbt.plugins.JUnitXmlReportPlugin),Set(Atom(sbt.plugins.JvmPlugin)))[0m
[0m[[0m[0mdebug[0m] [0m[0mClause(Atom(sbt.plugins.MiniDependencyTreePlugin),Set(Atom(sbt.plugins.JvmPlugin)))[0m
[0m[[0m[0mdebug[0m] [0m[0mClause(Atom(sbt.plugins.CorePlugin),Set(Atom(sbt.plugins.IvyPlugin)))[0m
[0m[[0m[0mdebug[0m] [0m[0mClause(Atom(sbt.plugins.IvyPlugin),Set(Atom(sbt.plugins.JvmPlugin)))[0m
[0m[[0m[0mdebug[0m] [0m[0mClause(Atom(sbt.plugins.JvmPlugin),Set(Atom(sbt.plugins.SemanticdbPlugin)))[0m
[0m[[0m[0mdebug[0m] [0m[0mClause(Atom(sbt.plugins.JvmPlugin),Set(Atom(sbt.plugins.JUnitXmlReportPlugin)))[0m
[0m[[0m[0mdebug[0m] [0m[0mClause(Atom(sbt.plugins.CorePlugin),Set(Atom(sbt.plugins.Giter8TemplatePlugin)))[0m
[0m[[0m[0mdebug[0m] [0m[0mClause(Atom(sbt.plugins.JvmPlugin),Set(Atom(sbt.plugins.MiniDependencyTreePlugin))))[0m
[0m[[0m[0mdebug[0m] [0m[0m  :: deduced result: Matched(sbt.plugins.CorePlugin,sbt.plugins.Giter8TemplatePlugin,sbt.plugins.IvyPlugin,sbt.plugins.JvmPlugin,sbt.plugins.MiniDependencyTreePlugin,sbt.plugins.JUnitXmlReportPlugin,sbt.plugins.SemanticdbPlugin)[0m
[0m[[0m[0mdebug[0m] [0m[0mPlugins.deducer#function took 0.5804 ms[0m
[0m[[0m[0mdebug[0m] [0m[0m                                                                                                                                                                                                                                                                                                                                                                                                                                                                            Load.resolveProject(global-plugins) took 0.9459ms[0m
[0m[[0m[0mdebug[0m] [0m[0m                                                                                                                                                                                                                                                                                                                                                                                                                                                                          Load.loadTransitive: finalizeProject(Project(id global-plugins, base: C:\Users\Davinder kaur\.sbt\1.0\plugins, plugins: List(<none>))) took 1.7546ms[0m
[0m[[0m[0mdebug[0m] [0m[0m[Loading] Done in C:\Users\Davinder kaur\.sbt\1.0\plugins, returning: (global-plugins)[0m
[0m[[0m[0mdebug[0m] [0m[0m                                                                                                                                                                                                                                                                                                                                                                                                                                                                        Load.loadUnit: loadedProjectsRaw took 2.5031ms[0m
[0m[[0m[0mdebug[0m] [0m[0m                                                                                                                                                                                                                                                                                                                                                                                                                                                                        Load.loadUnit: cleanEvalClasses took 0.0101ms[0m
[0m[[0m[0mdebug[0m] [0m[0m                                                                                                                                                                                                                                                                                                                                                                                                                                                                      Load.loadUnit(file:/C:/Users/Davinder%20kaur/.sbt/1.0/plugins/, ...) took 39.9361ms[0m
[0m[[0m[0mdebug[0m] [0m[0m                                                                                                                                                                                                                                                                                                                                                                                                                                                                    Load.apply: load took 41.1709ms[0m
[0m[[0m[0mdebug[0m] [0m[0m                                                                                                                                                                                                                                                                                                                                                                                                                                                                    Load.apply: resolveProjects took 0.0742ms[0m
[0m[[0m[0mdebug[0m] [0m[0m                                                                                                                                                                                                                                                                                                                                                                                                                                                                    Load.apply: finalTransforms took 5.7103ms[0m
[0m[[0m[0mdebug[0m] [0m[0m                                                                                                                                                                                                                                                                                                                                                                                                                                                                    Load.apply: config.delegates took 0.2615ms[0m
[0m[[0m[0mdebug[0m] [0m[0m                                                                                                                                                                                                                                                                                                                                                                                                                                                                    Load.apply: Def.make(settings)... took 38.5414ms[0m
[0m[[0m[0mdebug[0m] [0m[0m                                                                                                                                                                                                                                                                                                                                                                                                                                                                    Load.apply: structureIndex took 15.5446ms[0m
[0m[[0m[0mdebug[0m] [0m[0m                                                                                                                                                                                                                                                                                                                                                                                                                                                                    Load.apply: mkStreams took 0.0107ms[0m
[0m[[0m[0minfo[0m] [0m[0mloading global plugins from C:\Users\Davinder kaur\.sbt\1.0\plugins[0m
[0m[[0m[0mdebug[0m] [0m[0mRunning task... Cancel: Signal, check cycles: false, forcegc: true[0m
[0m[[0m[33mwarn[0m] [0m[0mCanceling execution...[0m
[0m[[0m[0mdebug[0m] [0m[0m                                                                                                                                                                                                                                                                                                                                                                                                                                                                  Load.defaultLoad until apply took 312.7236ms[0m
