[0m[[0m[0mdebug[0m] [0m[0m> Exec(reload, None, None)[0m
[0m[[0m[0mdebug[0m] [0m[0m> Exec(sbtStashOnFailure, None, None)[0m
[0m[[0m[0mdebug[0m] [0m[0m> Exec(onFailure loadFailed, None, None)[0m
[0m[[0m[0mdebug[0m] [0m[0m> Exec(loadp, None, None)[0m
[0m[[0m[0minfo[0m] [0m[0mwelcome to sbt 1.11.7 (Microsoft Java 17.0.16)[0m
[0m[[0m[0mdebug[0m] [0m[0m                                                                                                                                                                                                                                                                                                                                                Load.loadUnit: plugins took 43.3331ms[0m
[0m[[0m[0mdebug[0m] [0m[0m                                                                                                                                                                                                                                                                                                                                                Load.loadUnit: defsScala took 0.0019ms[0m
[0m[[0m[0mdebug[0m] [0m[0m[Loading] Scanning directory C:\Users\Davinder kaur\.sbt\1.0\plugins[0m
[0m[[0m[0mdebug[0m] [0m[0m[Loading] Found non-root projects [0m
[0m[[0m[0mdebug[0m] [0m[0m[Loading] Done in C:\Users\Davinder kaur\.sbt\1.0\plugins, returning: ()[0m
[0m[[0m[0mdebug[0m] [0m[0mdeducing auto plugins based on known facts Set(Atom(sbt.plugins.CorePlugin)) and clauses Clauses(Clause(Atom(sbt.plugins.JvmPlugin),Set(Atom(sbt.plugins.IvyPlugin)))[0m
[0m[[0m[0mdebug[0m] [0m[0mClause(Atom(sbt.ScriptedPlugin),Set(Atom(sbt.plugins.JvmPlugin)))[0m
[0m[[0m[0mdebug[0m] [0m[0mClause(Atom(sbt.plugins.SbtPlugin),Set(Atom(sbt.ScriptedPlugin)))[0m
[0m[[0m[0mdebug[0m] [0m[0mClause(Atom(sbt.plugins.SemanticdbPlugin),Set(Atom(sbt.plugins.JvmPlugin)))[0m
[0m[[0m[0mdebug[0m] [0m[0mClause(Atom(sbt.plugins.JUnitXmlReportPlugin),Set(Atom(sbt.plugins.JvmPlugin)))[0m
[0m[[0m[0mdebug[0m] [0m[0mClause(Atom(sbt.plugins.MiniDependencyTreePlugin),Set(Atom(sbt.plugins.JvmPlugin)))[0m
[0m[[0m[0mdebug[0m] [0m[0mClause(Atom(sbt.plugins.CorePlugin),Set(Atom(sbt.plugins.IvyPlugin)))[0m
[0m[[0m[0mdebug[0m] [0m[0mClause(Atom(sbt.plugins.IvyPlugin),Set(Atom(sbt.plugins.JvmPlugin)))[0m
[0m[[0m[0mdebug[0m] [0m[0mClause(Atom(sbt.plugins.JvmPlugin),Set(Atom(sbt.plugins.SemanticdbPlugin)))[0m
[0m[[0m[0mdebug[0m] [0m[0mClause(Atom(sbt.plugins.JvmPlugin),Set(Atom(sbt.plugins.JUnitXmlReportPlugin)))[0m
[0m[[0m[0mdebug[0m] [0m[0mClause(Atom(sbt.plugins.CorePlugin),Set(Atom(sbt.plugins.Giter8TemplatePlugin)))[0m
[0m[[0m[0mdebug[0m] [0m[0mClause(Atom(sbt.plugins.JvmPlugin),Set(Atom(sbt.plugins.MiniDependencyTreePlugin))))[0m
[0m[[0m[0mdebug[0m] [0m[0m  :: deduced result: Matched(sbt.plugins.CorePlugin,sbt.plugins.Giter8TemplatePlugin,sbt.plugins.IvyPlugin,sbt.plugins.JvmPlugin,sbt.plugins.MiniDependencyTreePlugin,sbt.plugins.JUnitXmlReportPlugin,sbt.plugins.SemanticdbPlugin)[0m
[0m[[0m[0mdebug[0m] [0m[0mPlugins.deducer#function took 0.7802 ms[0m
[0m[[0m[0mdebug[0m] [0m[0m                                                                                                                                                                                                                                                                                                                                                    Load.resolveProject(global-plugins) took 1.2257ms[0m
[0m[[0m[0mdebug[0m] [0m[0m                                                                                                                                                                                                                                                                                                                                                  Load.loadTransitive: finalizeProject(Project(id global-plugins, base: C:\Users\Davinder kaur\.sbt\1.0\plugins, plugins: List(<none>))) took 2.3938ms[0m
[0m[[0m[0mdebug[0m] [0m[0m[Loading] Done in C:\Users\Davinder kaur\.sbt\1.0\plugins, returning: (global-plugins)[0m
[0m[[0m[0mdebug[0m] [0m[0m                                                                                                                                                                                                                                                                                                                                                Load.loadUnit: loadedProjectsRaw took 3.6356ms[0m
[0m[[0m[0mdebug[0m] [0m[0m                                                                                                                                                                                                                                                                                                                                                Load.loadUnit: cleanEvalClasses took 0.0151ms[0m
[0m[[0m[0mdebug[0m] [0m[0m                                                                                                                                                                                                                                                                                                                                              Load.loadUnit(file:/C:/Users/Davinder%20kaur/.sbt/1.0/plugins/, ...) took 50.2865ms[0m
[0m[[0m[0mdebug[0m] [0m[0m                                                                                                                                                                                                                                                                                                                                            Load.apply: load took 51.9035ms[0m
[0m[[0m[0mdebug[0m] [0m[0m                                                                                                                                                                                                                                                                                                                                            Load.apply: resolveProjects took 0.2619ms[0m
[0m[[0m[0mdebug[0m] [0m[0m                                                                                                                                                                                                                                                                                                                                            Load.apply: finalTransforms took 7.2002ms[0m
[0m[[0m[0mdebug[0m] [0m[0m                                                                                                                                                                                                                                                                                                                                            Load.apply: config.delegates took 0.2622ms[0m
[0m[[0m[0mdebug[0m] [0m[0m                                                                                                                                                                                                                                                                                                                                            Load.apply: Def.make(settings)... took 47.3879ms[0m
[0m[[0m[0mdebug[0m] [0m[0m                                                                                                                                                                                                                                                                                                                                            Load.apply: structureIndex took 23.3646ms[0m
[0m[[0m[0mdebug[0m] [0m[0m                                                                                                                                                                                                                                                                                                                                            Load.apply: mkStreams took 0.0076ms[0m
[0m[[0m[0minfo[0m] [0m[0mloading global plugins from C:\Users\Davinder kaur\.sbt\1.0\plugins[0m
[0m[[0m[0mdebug[0m] [0m[0mRunning task... Cancel: Signal, check cycles: false, forcegc: true[0m
[0m[[0m[0mdebug[0m] [0m[0m                                                                                                                                                                                                                                                                                                                                          Load.defaultLoad until apply took 333.2666ms[0m
[0m[[0m[0mdebug[0m] [0m[0m                                                                                                                                                                                                                                                                                                                                                                Load.loadUnit: plugins took 48.4158ms[0m
[0m[[0m[0mdebug[0m] [0m[0m                                                                                                                                                                                                                                                                                                                                                                Load.loadUnit: defsScala took 0.0016ms[0m
[0m[[0m[0mdebug[0m] [0m[0m[Loading] Scanning directory C:\Users\Davinder kaur\Downloads\eurowings-scala-challenge\project\project\project[0m
[0m[[0m[0mdebug[0m] [0m[0m                                                                                                                                                                                                                                                                                                                                                                  Load.loadUnit: mkEval took 0.5492ms[0m
[0m[[0m[0mdebug[0m] [0m[0m[Loading] Found non-root projects [0m
[0m[[0m[0mdebug[0m] [0m[0m[Loading] Done in C:\Users\Davinder kaur\Downloads\eurowings-scala-challenge\project\project\project, returning: ()[0m
[0m[[0m[0mdebug[0m] [0m[0mdeducing auto plugins based on known facts Set(Atom(sbt.plugins.CorePlugin)) and clauses Clauses(Clause(Atom(sbt.plugins.JvmPlugin),Set(Atom(sbt.plugins.IvyPlugin)))[0m
[0m[[0m[0mdebug[0m] [0m[0mClause(Atom(sbt.ScriptedPlugin),Set(Atom(sbt.plugins.JvmPlugin)))[0m
[0m[[0m[0mdebug[0m] [0m[0mClause(Atom(sbt.plugins.SbtPlugin),Set(Atom(sbt.ScriptedPlugin)))[0m
[0m[[0m[0mdebug[0m] [0m[0mClause(Atom(sbt.plugins.SemanticdbPlugin),Set(Atom(sbt.plugins.JvmPlugin)))[0m
[0m[[0m[0mdebug[0m] [0m[0mClause(Atom(sbt.plugins.JUnitXmlReportPlugin),Set(Atom(sbt.plugins.JvmPlugin)))[0m
[0m[[0m[0mdebug[0m] [0m[0mClause(Atom(sbt.plugins.MiniDependencyTreePlugin),Set(Atom(sbt.plugins.JvmPlugin)))[0m
[0m[[0m[0mdebug[0m] [0m[0mClause(Atom(sbt.plugins.CorePlugin),Set(Atom(sbt.plugins.IvyPlugin)))[0m
[0m[[0m[0mdebug[0m] [0m[0mClause(Atom(sbt.plugins.IvyPlugin),Set(Atom(sbt.plugins.JvmPlugin)))[0m
[0m[[0m[0mdebug[0m] [0m[0mClause(Atom(sbt.plugins.JvmPlugin),Set(Atom(sbt.plugins.SemanticdbPlugin)))[0m
[0m[[0m[0mdebug[0m] [0m[0mClause(Atom(sbt.plugins.JvmPlugin),Set(Atom(sbt.plugins.JUnitXmlReportPlugin)))[0m
[0m[[0m[0mdebug[0m] [0m[0mClause(Atom(sbt.plugins.CorePlugin),Set(Atom(sbt.plugins.Giter8TemplatePlugin)))[0m
[0m[[0m[0mdebug[0m] [0m[0mClause(Atom(sbt.plugins.JvmPlugin),Set(Atom(sbt.plugins.MiniDependencyTreePlugin))))[0m
[0m[[0m[0mdebug[0m] [0m[0m  :: deduced result: Matched(sbt.plugins.CorePlugin,sbt.plugins.Giter8TemplatePlugin,sbt.plugins.IvyPlugin,sbt.plugins.JvmPlugin,sbt.plugins.MiniDependencyTreePlugin,sbt.plugins.JUnitXmlReportPlugin,sbt.plugins.SemanticdbPlugin)[0m
[0m[[0m[0mdebug[0m] [0m[0mPlugins.deducer#function took 1.1955 ms[0m
[0m[[0m[0minfo[0m] [0m[0mloading settings for project eurowings-scala-challenge-build-build-build from metals.sbt...[0m
[0m[[0m[0mdebug[0m] [0m[0m                                                                                                                                                                                                                                                                                                                                                                    Load.resolveProject(eurowings-scala-challenge-build-build-build) took 2.3147ms[0m
[0m[[0m[0mdebug[0m] [0m[0m                                                                                                                                                                                                                                                                                                                                                                  Load.loadTransitive: finalizeProject(Project(id eurowings-scala-challenge-build-build-build, base: C:\Users\Davinder kaur\Downloads\eurowings-scala-challenge\project\project\project, plugins: List(<none>))) took 3.891ms[0m
[0m[[0m[0mdebug[0m] [0m[0m[Loading] Done in C:\Users\Davinder kaur\Downloads\eurowings-scala-challenge\project\project\project, returning: (eurowings-scala-challenge-build-build-build)[0m
[0m[[0m[0mdebug[0m] [0m[0m                                                                                                                                                                                                                                                                                                                                                                Load.loadUnit: loadedProjectsRaw took 29.7459ms[0m
[0m[[0m[0mdebug[0m] [0m[0m                                                                                                                                                                                                                                                                                                                                                                Load.loadUnit: cleanEvalClasses took 8.5732ms[0m
[0m[[0m[0mdebug[0m] [0m[0m                                                                                                                                                                                                                                                                                                                                                              Load.loadUnit(file:/C:/Users/Davinder%20kaur/Downloads/eurowings-scala-challenge/project/project/project/, ...) took 88.1181ms[0m
[0m[[0m[0mdebug[0m] [0m[0m                                                                                                                                                                                                                                                                                                                                                            Load.apply: load took 90.145ms[0m
[0m[[0m[0mdebug[0m] [0m[0m                                                                                                                                                                                                                                                                                                                                                            Load.apply: resolveProjects took 0.1635ms[0m
[0m[[0m[0mdebug[0m] [0m[0m                                                                                                                                                                                                                                                                                                                                                            Load.apply: finalTransforms took 10.106ms[0m
[0m[[0m[0mdebug[0m] [0m[0m                                                                                                                                                                                                                                                                                                                                                            Load.apply: config.delegates took 0.3584ms[0m
[0m[[0m[0mdebug[0m] [0m[0m                                                                                                                                                                                                                                                                                                                                                            Load.apply: Def.make(settings)... took 57.559ms[0m
[0m[[0m[0mdebug[0m] [0m[0m                                                                                                                                                                                                                                                                                                                                                            Load.apply: structureIndex took 20.1128ms[0m
[0m[[0m[0mdebug[0m] [0m[0m                                                                                                                                                                                                                                                                                                                                                            Load.apply: mkStreams took 0.0069ms[0m
[0m[[0m[0minfo[0m] [0m[0mloading project definition from C:\Users\Davinder kaur\Downloads\eurowings-scala-challenge\project\project\project[0m
[0m[[0m[0mdebug[0m] [0m[0mRunning task... Cancel: Signal, check cycles: false, forcegc: true[0m
[0m[[0m[0mdebug[0m] [0m[0m                                                                                                                                                                                                                                                                                                                                                          Load.loadUnit: plugins took 355.919ms[0m
[0m[[0m[0mdebug[0m] [0m[0m                                                                                                                                                                                                                                                                                                                                                          Load.loadUnit: defsScala took 0.0014ms[0m
[0m[[0m[0mdebug[0m] [0m[0m[Loading] Scanning directory C:\Users\Davinder kaur\Downloads\eurowings-scala-challenge\project\project[0m
[0m[[0m[0mdebug[0m] [0m[0m                                                                                                                                                                                                                                                                                                                                                            Load.loadUnit: mkEval took 0.4832ms[0m
[0m[[0m[0mdebug[0m] [0m[0m[Loading] Found non-root projects [0m
[0m[[0m[0mdebug[0m] [0m[0m[Loading] Done in C:\Users\Davinder kaur\Downloads\eurowings-scala-challenge\project\project, returning: ()[0m
[0m[[0m[0mdebug[0m] [0m[0mdeducing auto plugins based on known facts Set(Atom(sbt.plugins.CorePlugin)) and clauses Clauses(Clause(Atom(sbt.plugins.JvmPlugin),Set(Atom(sbt.plugins.IvyPlugin)))[0m
[0m[[0m[0mdebug[0m] [0m[0mClause(Atom(sbt.ScriptedPlugin),Set(Atom(sbt.plugins.JvmPlugin)))[0m
[0m[[0m[0mdebug[0m] [0m[0mClause(Atom(sbt.plugins.SbtPlugin),Set(Atom(sbt.ScriptedPlugin)))[0m
[0m[[0m[0mdebug[0m] [0m[0mClause(Atom(sbt.plugins.SemanticdbPlugin),Set(Atom(sbt.plugins.JvmPlugin)))[0m
[0m[[0m[0mdebug[0m] [0m[0mClause(Atom(sbt.plugins.JUnitXmlReportPlugin),Set(Atom(sbt.plugins.JvmPlugin)))[0m
[0m[[0m[0mdebug[0m] [0m[0mClause(Atom(sbt.plugins.MiniDependencyTreePlugin),Set(Atom(sbt.plugins.JvmPlugin)))[0m
[0m[[0m[0mdebug[0m] [0m[0mClause(Atom(bloop.integrations.sbt.BloopPlugin),Set(Atom(sbt.plugins.JvmPlugin)))[0m
[0m[[0m[0mdebug[0m] [0m[0mClause(Atom(sbt.plugins.CorePlugin),Set(Atom(sbt.plugins.IvyPlugin)))[0m
[0m[[0m[0mdebug[0m] [0m[0mClause(Atom(sbt.plugins.IvyPlugin),Set(Atom(sbt.plugins.JvmPlugin)))[0m
[0m[[0m[0mdebug[0m] [0m[0mClause(Atom(sbt.plugins.JvmPlugin),Set(Atom(sbt.plugins.SemanticdbPlugin)))[0m
[0m[[0m[0mdebug[0m] [0m[0mClause(Atom(sbt.plugins.JvmPlugin),Set(Atom(sbt.plugins.JUnitXmlReportPlugin)))[0m
[0m[[0m[0mdebug[0m] [0m[0mClause(Atom(sbt.plugins.CorePlugin),Set(Atom(sbt.plugins.Giter8TemplatePlugin)))[0m
[0m[[0m[0mdebug[0m] [0m[0mClause(Atom(sbt.plugins.JvmPlugin),Set(Atom(sbt.plugins.MiniDependencyTreePlugin)))[0m
[0m[[0m[0mdebug[0m] [0m[0mClause(Atom(sbt.plugins.JvmPlugin),Set(Atom(bloop.integrations.sbt.BloopPlugin))))[0m
[0m[[0m[0mdebug[0m] [0m[0m  :: deduced result: Matched(sbt.plugins.CorePlugin,sbt.plugins.Giter8TemplatePlugin,sbt.plugins.IvyPlugin,sbt.plugins.JvmPlugin,bloop.integrations.sbt.BloopPlugin,sbt.plugins.MiniDependencyTreePlugin,sbt.plugins.JUnitXmlReportPlugin,sbt.plugins.SemanticdbPlugin)[0m
[0m[[0m[0mdebug[0m] [0m[0mPlugins.deducer#function took 0.8029 ms[0m
[0m[[0m[0minfo[0m] [0m[0mloading settings for project eurowings-scala-challenge-build-build from metals.sbt...[0m
[0m[[0m[0mdebug[0m] [0m[0m                                                                                                                                                                                                                                                                                                                                                              Load.resolveProject(eurowings-scala-challenge-build-build) took 35.2656ms[0m
[0m[[0m[0mdebug[0m] [0m[0m                                                                                                                                                                                                                                                                                                                                                            Load.loadTransitive: finalizeProject(Project(id eurowings-scala-challenge-build-build, base: C:\Users\Davinder kaur\Downloads\eurowings-scala-challenge\project\project, plugins: List(<none>))) took 36.4257ms[0m
[0m[[0m[0mdebug[0m] [0m[0m[Loading] Done in C:\Users\Davinder kaur\Downloads\eurowings-scala-challenge\project\project, returning: (eurowings-scala-challenge-build-build)[0m
[0m[[0m[0mdebug[0m] [0m[0m                                                                                                                                                                                                                                                                                                                                                          Load.loadUnit: loadedProjectsRaw took 64.4638ms[0m
[0m[[0m[0mdebug[0m] [0m[0m                                                                                                                                                                                                                                                                                                                                                          Load.loadUnit: cleanEvalClasses took 8.6517ms[0m
[0m[[0m[0mdebug[0m] [0m[0m                                                                                                                                                                                                                                                                                                                                                        Load.loadUnit(file:/C:/Users/Davinder%20kaur/Downloads/eurowings-scala-challenge/project/project/, ...) took 429.9593ms[0m
[0m[[0m[0mdebug[0m] [0m[0m                                                                                                                                                                                                                                                                                                                                                      Load.apply: load took 431.7816ms[0m
[0m[[0m[0mdebug[0m] [0m[0m                                                                                                                                                                                                                                                                                                                                                      Load.apply: resolveProjects took 0.1095ms[0m
[0m[[0m[0mdebug[0m] [0m[0m                                                                                                                                                                                                                                                                                                                                                      Load.apply: finalTransforms took 18.6829ms[0m
[0m[[0m[0mdebug[0m] [0m[0m                                                                                                                                                                                                                                                                                                                                                      Load.apply: config.delegates took 0.2239ms[0m
[0m[[0m[0mdebug[0m] [0m[0m                                                                                                                                                                                                                                                                                                                                                      Load.apply: Def.make(settings)... took 51.4178ms[0m
[0m[[0m[0mdebug[0m] [0m[0m                                                                                                                                                                                                                                                                                                                                                      Load.apply: structureIndex took 19.2536ms[0m
[0m[[0m[0mdebug[0m] [0m[0m                                                                                                                                                                                                                                                                                                                                                      Load.apply: mkStreams took 0.0075ms[0m
[0m[[0m[0minfo[0m] [0m[0mloading project definition from C:\Users\Davinder kaur\Downloads\eurowings-scala-challenge\project\project[0m
[0m[[0m[0mdebug[0m] [0m[0mEvaluating tasks: bloopInstall[0m
[0m[[0m[0mdebug[0m] [0m[0mRunning task... Cancel: Signal, check cycles: false, forcegc: true[0m
[0m[[0m[32msuccess[0m] [0m[0mGenerated .bloop\eurowings-scala-challenge-build-build.json[0m
[0m[[0m[32msuccess[0m] [0m[0mTotal time: 1 s, completed 2 Nov 2025, 04:36:59[0m
[0m[[0m[0mdebug[0m] [0m[0mRunning task... Cancel: Signal, check cycles: false, forcegc: true[0m
[0m[[0m[0mdebug[0m] [0m[0m                                                                                                                                                                                                                                                                                                                                                    Load.loadUnit: plugins took 2086.4397ms[0m
[0m[[0m[0mdebug[0m] [0m[0m                                                                                                                                                                                                                                                                                                                                                    Load.loadUnit: defsScala took 0.0021ms[0m
[0m[[0m[0mdebug[0m] [0m[0m[Loading] Scanning directory C:\Users\Davinder kaur\Downloads\eurowings-scala-challenge\project[0m
[0m[[0m[0mdebug[0m] [0m[0m                                                                                                                                                                                                                                                                                                                                                      Load.loadUnit: mkEval took 0.6599ms[0m
[0m[[0m[0mdebug[0m] [0m[0m[Loading] Found non-root projects [0m
[0m[[0m[0mdebug[0m] [0m[0m[Loading] Done in C:\Users\Davinder kaur\Downloads\eurowings-scala-challenge\project, returning: ()[0m
[0m[[0m[0mdebug[0m] [0m[0mdeducing auto plugins based on known facts Set(Atom(sbt.plugins.CorePlugin)) and clauses Clauses(Clause(Atom(sbt.plugins.JvmPlugin),Set(Atom(sbt.plugins.IvyPlugin)))[0m
[0m[[0m[0mdebug[0m] [0m[0mClause(Atom(sbt.ScriptedPlugin),Set(Atom(sbt.plugins.JvmPlugin)))[0m
[0m[[0m[0mdebug[0m] [0m[0mClause(Atom(sbt.plugins.SbtPlugin),Set(Atom(sbt.ScriptedPlugin)))[0m
[0m[[0m[0mdebug[0m] [0m[0mClause(Atom(sbt.plugins.SemanticdbPlugin),Set(Atom(sbt.plugins.JvmPlugin)))[0m
[0m[[0m[0mdebug[0m] [0m[0mClause(Atom(sbt.plugins.JUnitXmlReportPlugin),Set(Atom(sbt.plugins.JvmPlugin)))[0m
[0m[[0m[0mdebug[0m] [0m[0mClause(Atom(sbt.plugins.MiniDependencyTreePlugin),Set(Atom(sbt.plugins.JvmPlugin)))[0m
[0m[[0m[0mdebug[0m] [0m[0mClause(Atom(bloop.integrations.sbt.BloopPlugin),Set(Atom(sbt.plugins.JvmPlugin)))[0m
[0m[[0m[0mdebug[0m] [0m[0mClause(Atom(sbt.plugins.CorePlugin),Set(Atom(sbt.plugins.IvyPlugin)))[0m
[0m[[0m[0mdebug[0m] [0m[0mClause(Atom(sbt.plugins.IvyPlugin),Set(Atom(sbt.plugins.JvmPlugin)))[0m
[0m[[0m[0mdebug[0m] [0m[0mClause(Atom(sbt.plugins.JvmPlugin),Set(Atom(sbt.plugins.SemanticdbPlugin)))[0m
[0m[[0m[0mdebug[0m] [0m[0mClause(Atom(sbt.plugins.JvmPlugin),Set(Atom(sbt.plugins.JUnitXmlReportPlugin)))[0m
[0m[[0m[0mdebug[0m] [0m[0mClause(Atom(sbt.plugins.CorePlugin),Set(Atom(sbt.plugins.Giter8TemplatePlugin)))[0m
[0m[[0m[0mdebug[0m] [0m[0mClause(Atom(sbt.plugins.JvmPlugin),Set(Atom(sbt.plugins.MiniDependencyTreePlugin)))[0m
[0m[[0m[0mdebug[0m] [0m[0mClause(Atom(sbt.plugins.JvmPlugin),Set(Atom(bloop.integrations.sbt.BloopPlugin))))[0m
[0m[[0m[0mdebug[0m] [0m[0m  :: deduced result: Matched(sbt.plugins.CorePlugin,sbt.plugins.Giter8TemplatePlugin,sbt.plugins.IvyPlugin,sbt.plugins.JvmPlugin,bloop.integrations.sbt.BloopPlugin,sbt.plugins.MiniDependencyTreePlugin,sbt.plugins.JUnitXmlReportPlugin,sbt.plugins.SemanticdbPlugin)[0m
[0m[[0m[0mdebug[0m] [0m[0mPlugins.deducer#function took 0.8869 ms[0m
[0m[[0m[0minfo[0m] [0m[0mloading settings for project eurowings-scala-challenge-build from metals.sbt, plugins.sbt...[0m
[0m[[0m[0mdebug[0m] [0m[0m                                                                                                                                                                                                                                                                                                                                                        Load.resolveProject(eurowings-scala-challenge-build) took 35.5993ms[0m
[0m[[0m[0mdebug[0m] [0m[0m                                                                                                                                                                                                                                                                                                                                                      Load.loadTransitive: finalizeProject(Project(id eurowings-scala-challenge-build, base: C:\Users\Davinder kaur\Downloads\eurowings-scala-challenge\project, plugins: List(<none>))) took 36.9334ms[0m
[0m[[0m[0mdebug[0m] [0m[0m[Loading] Done in C:\Users\Davinder kaur\Downloads\eurowings-scala-challenge\project, returning: (eurowings-scala-challenge-build)[0m
[0m[[0m[0mdebug[0m] [0m[0m                                                                                                                                                                                                                                                                                                                                                    Load.loadUnit: loadedProjectsRaw took 76.3109ms[0m
[0m[[0m[0mdebug[0m] [0m[0m                                                                                                                                                                                                                                                                                                                                                    Load.loadUnit: cleanEvalClasses took 13.7963ms[0m
[0m[[0m[0mdebug[0m] [0m[0m                                                                                                                                                                                                                                                                                                                                                  Load.loadUnit(file:/C:/Users/Davinder%20kaur/Downloads/eurowings-scala-challenge/project/, ...) took 2177.6827ms[0m
[0m[[0m[0mdebug[0m] [0m[0m                                                                                                                                                                                                                                                                                                                                                Load.apply: load took 2179.6684ms[0m
[0m[[0m[0mdebug[0m] [0m[0m                                                                                                                                                                                                                                                                                                                                                Load.apply: resolveProjects took 0.1044ms[0m
[0m[[0m[0mdebug[0m] [0m[0m                                                                                                                                                                                                                                                                                                                                                Load.apply: finalTransforms took 20.3578ms[0m
[0m[[0m[0mdebug[0m] [0m[0m                                                                                                                                                                                                                                                                                                                                                Load.apply: config.delegates took 0.3783ms[0m
[0m[[0m[0mdebug[0m] [0m[0m                                                                                                                                                                                                                                                                                                                                                Load.apply: Def.make(settings)... took 63.6373ms[0m
[0m[[0m[0mdebug[0m] [0m[0m                                                                                                                                                                                                                                                                                                                                                Load.apply: structureIndex took 23.5821ms[0m
[0m[[0m[0mdebug[0m] [0m[0m                                                                                                                                                                                                                                                                                                                                                Load.apply: mkStreams took 0.0075ms[0m
[0m[[0m[0minfo[0m] [0m[0mloading project definition from C:\Users\Davinder kaur\Downloads\eurowings-scala-challenge\project[0m
[0m[[0m[0mdebug[0m] [0m[0mEvaluating tasks: bloopInstall[0m
[0m[[0m[0mdebug[0m] [0m[0mRunning task... Cancel: Signal, check cycles: false, forcegc: true[0m
[0m[[0m[32msuccess[0m] [0m[0mGenerated .bloop\eurowings-scala-challenge-build.json[0m
[0m[[0m[32msuccess[0m] [0m[0mTotal time: 1 s, completed 2 Nov 2025, 04:37:00[0m
[0m[[0m[0mdebug[0m] [0m[0mRunning task... Cancel: Signal, check cycles: false, forcegc: true[0m
[0m[[0m[0mdebug[0m] [0m[0m                                                                                                                                                                                                                                                                                                                                              Load.loadUnit: plugins took 3755.049ms[0m
[0m[[0m[0mdebug[0m] [0m[0m                                                                                                                                                                                                                                                                                                                                              Load.loadUnit: defsScala took 0.0016ms[0m
[0m[[0m[0mdebug[0m] [0m[0m[Loading] Scanning directory C:\Users\Davinder kaur\Downloads\eurowings-scala-challenge[0m
[0m[[0m[0mdebug[0m] [0m[0m                                                                                                                                                                                                                                                                                                                                                Load.loadUnit: mkEval took 0.4453ms[0m
